TpTrace Verbose: 0 : 15740, 1, 2022/12/08, 15:26:50.870, 38917259467, vstest.console.dll, Version: 17.2.0-release-20220408-11 Current process architecture: X64
TpTrace Information: 0 : 15740, 1, 2022/12/08, 15:26:50.882, 38917373944, vstest.console.dll, FilePatternParser: The given file C:\WebProject\C# Advanced Final Exam\C# OOP ExamPrep2\03. Unit Tests_Skeleton\Presents.Tests\bin\Debug\fine-code-coverage-netcoreapp3.0\Presents.Tests.dll is a full path.
TpTrace Verbose: 0 : 15740, 1, 2022/12/08, 15:26:50.888, 38917442608, vstest.console.dll, TestPluginCache.DiscoverTestExtensions: finding test extensions in assemblies ends with: RuntimeProvider.dll TPluginInfo: Microsoft.VisualStudio.TestPlatform.Common.ExtensionFramework.Utilities.TestRuntimePluginInformation TExtension: Microsoft.VisualStudio.TestPlatform.ObjectModel.Host.ITestRuntimeProvider
TpTrace Verbose: 0 : 15740, 1, 2022/12/08, 15:26:50.926, 38917818499, vstest.console.dll, TestPluginCache.GetExtensionPaths: Filtered extension paths: 
TpTrace Verbose: 0 : 15740, 1, 2022/12/08, 15:26:50.926, 38917821958, vstest.console.dll, TestPluginCache.GetExtensionPaths: Added default extension paths: C:\Program Files\dotnet\sdk\6.0.301\Extensions\DumpMinitool.exe
C:\Program Files\dotnet\sdk\6.0.301\Extensions\DumpMinitool.x86.exe
C:\Program Files\dotnet\sdk\6.0.301\Extensions\Microsoft.Diagnostics.NETCore.Client.dll
C:\Program Files\dotnet\sdk\6.0.301\Extensions\Microsoft.TestPlatform.Extensions.BlameDataCollector.dll
C:\Program Files\dotnet\sdk\6.0.301\Extensions\Microsoft.TestPlatform.Extensions.EventLogCollector.dll
C:\Program Files\dotnet\sdk\6.0.301\Extensions\Microsoft.TestPlatform.TestHostRuntimeProvider.dll
C:\Program Files\dotnet\sdk\6.0.301\Extensions\Microsoft.VisualStudio.TestPlatform.Extensions.Html.TestLogger.dll
C:\Program Files\dotnet\sdk\6.0.301\Extensions\Microsoft.VisualStudio.TestPlatform.Extensions.Trx.TestLogger.dll
TpTrace Verbose: 0 : 15740, 1, 2022/12/08, 15:26:50.926, 38917822918, vstest.console.dll, TestPluginCache.GetExtensionPaths: Added unfilterableExtensionPaths: 
TpTrace Information: 0 : 15740, 1, 2022/12/08, 15:26:50.927, 38917831658, vstest.console.dll, AssemblyResolver.ctor: Creating AssemblyResolver with searchDirectories C:\Program Files\dotnet\sdk\6.0.301\Extensions,C:\Program Files\dotnet\sdk\6.0.301
TpTrace Verbose: 0 : 15740, 1, 2022/12/08, 15:26:50.928, 38917843195, vstest.console.dll, TestPluginCache.DiscoverTestExtensions: Discovering the extensions using extension path.
TpTrace Verbose: 0 : 15740, 1, 2022/12/08, 15:26:50.929, 38917845081, vstest.console.dll, TestPluginCache.GetExtensionPaths: Filtered extension paths: 
TpTrace Verbose: 0 : 15740, 1, 2022/12/08, 15:26:50.929, 38917845621, vstest.console.dll, TestPluginCache.GetExtensionPaths: Added default extension paths: C:\Program Files\dotnet\sdk\6.0.301\Extensions\DumpMinitool.exe
C:\Program Files\dotnet\sdk\6.0.301\Extensions\DumpMinitool.x86.exe
C:\Program Files\dotnet\sdk\6.0.301\Extensions\Microsoft.Diagnostics.NETCore.Client.dll
C:\Program Files\dotnet\sdk\6.0.301\Extensions\Microsoft.TestPlatform.Extensions.BlameDataCollector.dll
C:\Program Files\dotnet\sdk\6.0.301\Extensions\Microsoft.TestPlatform.Extensions.EventLogCollector.dll
C:\Program Files\dotnet\sdk\6.0.301\Extensions\Microsoft.TestPlatform.TestHostRuntimeProvider.dll
C:\Program Files\dotnet\sdk\6.0.301\Extensions\Microsoft.VisualStudio.TestPlatform.Extensions.Html.TestLogger.dll
C:\Program Files\dotnet\sdk\6.0.301\Extensions\Microsoft.VisualStudio.TestPlatform.Extensions.Trx.TestLogger.dll
TpTrace Verbose: 0 : 15740, 1, 2022/12/08, 15:26:50.929, 38917846194, vstest.console.dll, TestPluginCache.GetExtensionPaths: Added unfilterableExtensionPaths: 
TpTrace Verbose: 0 : 15740, 1, 2022/12/08, 15:26:50.929, 38917846957, vstest.console.dll, TestPluginCache.DiscoverTestExtensions: Discovering the extensions using allExtensionPaths: C:\Program Files\dotnet\sdk\6.0.301\Extensions\DumpMinitool.exe
C:\Program Files\dotnet\sdk\6.0.301\Extensions\DumpMinitool.x86.exe
C:\Program Files\dotnet\sdk\6.0.301\Extensions\Microsoft.Diagnostics.NETCore.Client.dll
C:\Program Files\dotnet\sdk\6.0.301\Extensions\Microsoft.TestPlatform.Extensions.BlameDataCollector.dll
C:\Program Files\dotnet\sdk\6.0.301\Extensions\Microsoft.TestPlatform.Extensions.EventLogCollector.dll
C:\Program Files\dotnet\sdk\6.0.301\Extensions\Microsoft.TestPlatform.TestHostRuntimeProvider.dll
C:\Program Files\dotnet\sdk\6.0.301\Extensions\Microsoft.VisualStudio.TestPlatform.Extensions.Html.TestLogger.dll
C:\Program Files\dotnet\sdk\6.0.301\Extensions\Microsoft.VisualStudio.TestPlatform.Extensions.Trx.TestLogger.dll
TpTrace Information: 0 : 15740, 1, 2022/12/08, 15:26:50.929, 38917848951, vstest.console.dll, AssemblyResolver.AddSearchDirectories: Adding more searchDirectories C:\Program Files\dotnet\sdk\6.0.301\Extensions,C:\Program Files\dotnet\sdk\6.0.301
TpTrace Information: 0 : 15740, 1, 2022/12/08, 15:26:50.929, 38917850213, vstest.console.dll, AssemblyResolver.AddSearchDirectories: Adding more searchDirectories C:\Program Files\dotnet\sdk\6.0.301\Extensions,C:\Program Files\dotnet\sdk\6.0.301
TpTrace Information: 0 : 15740, 1, 2022/12/08, 15:26:50.929, 38917850663, vstest.console.dll, AssemblyResolver.AddSearchDirectories: Adding more searchDirectories C:\Program Files\dotnet\sdk\6.0.301\Extensions,C:\Program Files\dotnet\sdk\6.0.301
TpTrace Information: 0 : 15740, 1, 2022/12/08, 15:26:50.929, 38917851106, vstest.console.dll, AssemblyResolver.AddSearchDirectories: Adding more searchDirectories C:\Program Files\dotnet\sdk\6.0.301\Extensions,C:\Program Files\dotnet\sdk\6.0.301
TpTrace Information: 0 : 15740, 1, 2022/12/08, 15:26:50.929, 38917851491, vstest.console.dll, AssemblyResolver.AddSearchDirectories: Adding more searchDirectories C:\Program Files\dotnet\sdk\6.0.301\Extensions,C:\Program Files\dotnet\sdk\6.0.301
TpTrace Information: 0 : 15740, 1, 2022/12/08, 15:26:50.929, 38917851879, vstest.console.dll, AssemblyResolver.AddSearchDirectories: Adding more searchDirectories C:\Program Files\dotnet\sdk\6.0.301\Extensions,C:\Program Files\dotnet\sdk\6.0.301
TpTrace Information: 0 : 15740, 1, 2022/12/08, 15:26:50.929, 38917852283, vstest.console.dll, AssemblyResolver.AddSearchDirectories: Adding more searchDirectories C:\Program Files\dotnet\sdk\6.0.301\Extensions,C:\Program Files\dotnet\sdk\6.0.301
TpTrace Information: 0 : 15740, 1, 2022/12/08, 15:26:50.929, 38917852697, vstest.console.dll, AssemblyResolver.AddSearchDirectories: Adding more searchDirectories C:\Program Files\dotnet\sdk\6.0.301\Extensions,C:\Program Files\dotnet\sdk\6.0.301
TpTrace Information: 0 : 15740, 1, 2022/12/08, 15:26:50.930, 38917856863, vstest.console.dll, AssemblyResolver.OnResolve: DumpMinitool: Resolving assembly.
TpTrace Information: 0 : 15740, 1, 2022/12/08, 15:26:50.930, 38917857924, vstest.console.dll, AssemblyResolver.OnResolve: DumpMinitool: Searching in: 'C:\Program Files\dotnet\sdk\6.0.301\Extensions'.
TpTrace Information: 0 : 15740, 1, 2022/12/08, 15:26:50.930, 38917859479, vstest.console.dll, AssemblyResolver.OnResolve: DumpMinitool: Assembly path does not exist: 'C:\Program Files\dotnet\sdk\6.0.301\Extensions\DumpMinitool.dll', returning.
TpTrace Information: 0 : 15740, 1, 2022/12/08, 15:26:50.931, 38917864154, vstest.console.dll, AssemblyResolver.OnResolve: DumpMinitool: Loading assembly 'C:\Program Files\dotnet\sdk\6.0.301\Extensions\DumpMinitool.exe'.
TpTrace Information: 0 : 15740, 1, 2022/12/08, 15:26:50.931, 38917870332, vstest.console.dll, AssemblyResolver.OnResolve: Resolved assembly: DumpMinitool, from path: C:\Program Files\dotnet\sdk\6.0.301\Extensions\DumpMinitool.exe
TpTrace Verbose: 0 : 15740, 1, 2022/12/08, 15:26:50.938, 38917937789, vstest.console.dll, MetadataReaderExtensionsHelper: Discovering extensions inside assembly 'DumpMinitool, Version=15.0.0.0, Culture=neutral, PublicKeyToken=b03f5f7f11d50a3a' file path 'C:\Program Files\dotnet\sdk\6.0.301\Extensions\DumpMinitool.exe'
TpTrace Information: 0 : 15740, 1, 2022/12/08, 15:26:50.945, 38918013031, vstest.console.dll, AssemblyResolver.OnResolve: DumpMinitool.x86: Resolving assembly.
TpTrace Information: 0 : 15740, 1, 2022/12/08, 15:26:50.946, 38918014924, vstest.console.dll, AssemblyResolver.OnResolve: DumpMinitool.x86: Searching in: 'C:\Program Files\dotnet\sdk\6.0.301\Extensions'.
TpTrace Information: 0 : 15740, 1, 2022/12/08, 15:26:50.946, 38918015973, vstest.console.dll, AssemblyResolver.OnResolve: DumpMinitool.x86: Assembly path does not exist: 'C:\Program Files\dotnet\sdk\6.0.301\Extensions\DumpMinitool.x86.dll', returning.
TpTrace Information: 0 : 15740, 1, 2022/12/08, 15:26:50.946, 38918018922, vstest.console.dll, AssemblyResolver.OnResolve: DumpMinitool.x86: Loading assembly 'C:\Program Files\dotnet\sdk\6.0.301\Extensions\DumpMinitool.x86.exe'.
TpTrace Information: 0 : 15740, 1, 2022/12/08, 15:26:50.947, 38918024621, vstest.console.dll, AssemblyResolver.OnResolve: Resolved assembly: DumpMinitool.x86, from path: C:\Program Files\dotnet\sdk\6.0.301\Extensions\DumpMinitool.x86.exe
TpTrace Verbose: 0 : 15740, 1, 2022/12/08, 15:26:50.947, 38918025696, vstest.console.dll, MetadataReaderExtensionsHelper: Discovering extensions inside assembly 'DumpMinitool.x86, Version=15.0.0.0, Culture=neutral, PublicKeyToken=b03f5f7f11d50a3a' file path 'C:\Program Files\dotnet\sdk\6.0.301\Extensions\DumpMinitool.x86.exe'
TpTrace Information: 0 : 15740, 1, 2022/12/08, 15:26:50.947, 38918031607, vstest.console.dll, AssemblyResolver.OnResolve: Microsoft.Diagnostics.NETCore.Client: Resolving assembly.
TpTrace Information: 0 : 15740, 1, 2022/12/08, 15:26:50.947, 38918032374, vstest.console.dll, AssemblyResolver.OnResolve: Microsoft.Diagnostics.NETCore.Client: Searching in: 'C:\Program Files\dotnet\sdk\6.0.301\Extensions'.
TpTrace Information: 0 : 15740, 1, 2022/12/08, 15:26:50.948, 38918035367, vstest.console.dll, AssemblyResolver.OnResolve: Microsoft.Diagnostics.NETCore.Client: Loading assembly 'C:\Program Files\dotnet\sdk\6.0.301\Extensions\Microsoft.Diagnostics.NETCore.Client.dll'.
TpTrace Information: 0 : 15740, 1, 2022/12/08, 15:26:50.948, 38918040764, vstest.console.dll, AssemblyResolver.OnResolve: Resolved assembly: Microsoft.Diagnostics.NETCore.Client, from path: C:\Program Files\dotnet\sdk\6.0.301\Extensions\Microsoft.Diagnostics.NETCore.Client.dll
TpTrace Verbose: 0 : 15740, 1, 2022/12/08, 15:26:50.948, 38918041626, vstest.console.dll, MetadataReaderExtensionsHelper: Discovering extensions inside assembly 'Microsoft.Diagnostics.NETCore.Client, Version=0.2.5.801, Culture=neutral, PublicKeyToken=31bf3856ad364e35' file path 'C:\Program Files\dotnet\sdk\6.0.301\Extensions\Microsoft.Diagnostics.NETCore.Client.dll'
TpTrace Information: 0 : 15740, 1, 2022/12/08, 15:26:50.963, 38918191837, vstest.console.dll, AssemblyResolver.OnResolve: Microsoft.Bcl.AsyncInterfaces: Resolving assembly.
TpTrace Information: 0 : 15740, 1, 2022/12/08, 15:26:50.964, 38918193665, vstest.console.dll, AssemblyResolver.OnResolve: Microsoft.Bcl.AsyncInterfaces: Searching in: 'C:\Program Files\dotnet\sdk\6.0.301\Extensions'.
TpTrace Information: 0 : 15740, 1, 2022/12/08, 15:26:50.964, 38918195294, vstest.console.dll, AssemblyResolver.OnResolve: Microsoft.Bcl.AsyncInterfaces: Assembly path does not exist: 'C:\Program Files\dotnet\sdk\6.0.301\Extensions\Microsoft.Bcl.AsyncInterfaces.dll', returning.
TpTrace Information: 0 : 15740, 1, 2022/12/08, 15:26:50.964, 38918196317, vstest.console.dll, AssemblyResolver.OnResolve: Microsoft.Bcl.AsyncInterfaces: Assembly path does not exist: 'C:\Program Files\dotnet\sdk\6.0.301\Extensions\Microsoft.Bcl.AsyncInterfaces.exe', returning.
TpTrace Information: 0 : 15740, 1, 2022/12/08, 15:26:50.964, 38918196964, vstest.console.dll, AssemblyResolver.OnResolve: Microsoft.Bcl.AsyncInterfaces: Searching in: 'C:\Program Files\dotnet\sdk\6.0.301'.
TpTrace Information: 0 : 15740, 1, 2022/12/08, 15:26:50.964, 38918197919, vstest.console.dll, AssemblyResolver.OnResolve: Microsoft.Bcl.AsyncInterfaces: Assembly path does not exist: 'C:\Program Files\dotnet\sdk\6.0.301\Microsoft.Bcl.AsyncInterfaces.dll', returning.
TpTrace Information: 0 : 15740, 1, 2022/12/08, 15:26:50.964, 38918198858, vstest.console.dll, AssemblyResolver.OnResolve: Microsoft.Bcl.AsyncInterfaces: Assembly path does not exist: 'C:\Program Files\dotnet\sdk\6.0.301\Microsoft.Bcl.AsyncInterfaces.exe', returning.
TpTrace Information: 0 : 15740, 1, 2022/12/08, 15:26:50.964, 38918199511, vstest.console.dll, AssemblyResolver.OnResolve: Microsoft.Bcl.AsyncInterfaces: Failed to load assembly.
TpTrace Verbose: 0 : 15740, 1, 2022/12/08, 15:26:50.964, 38918200347, vstest.console.dll, CurrentDomainAssemblyResolve: Resolving assembly 'Microsoft.Bcl.AsyncInterfaces'.
TpTrace Information: 0 : 15740, 1, 2022/12/08, 15:26:50.964, 38918201491, vstest.console.dll, AssemblyResolver.OnResolve: Microsoft.Bcl.AsyncInterfaces: Resolving assembly.
TpTrace Information: 0 : 15740, 1, 2022/12/08, 15:26:50.964, 38918202260, vstest.console.dll, AssemblyResolver.OnResolve: Microsoft.Bcl.AsyncInterfaces: Resolved from cache.
TpTrace Verbose: 0 : 15740, 1, 2022/12/08, 15:26:50.964, 38918202830, vstest.console.dll, CurrentDomainAssemblyResolve: Resolving assembly 'Microsoft.Bcl.AsyncInterfaces'.
TpTrace Verbose: 0 : 15740, 1, 2022/12/08, 15:26:50.964, 38918203530, vstest.console.dll, CurrentDomainAssemblyResolve: Failed to resolve assembly 'Microsoft.Bcl.AsyncInterfaces'.
TpTrace Verbose: 0 : 15740, 1, 2022/12/08, 15:26:50.966, 38918214196, vstest.console.dll, CurrentDomainAssemblyResolve: Failed to resolve assembly 'Microsoft.Bcl.AsyncInterfaces'.
TpTrace Warning: 0 : 15740, 1, 2022/12/08, 15:26:50.983, 38918389545, vstest.console.dll, TestPluginDiscoverer: Failed to get types from assembly 'Microsoft.Diagnostics.NETCore.Client, Version=0.2.5.801, Culture=neutral, PublicKeyToken=31bf3856ad364e35'. Error: System.Reflection.ReflectionTypeLoadException: Unable to load one or more of the requested types.
Could not load file or assembly 'Microsoft.Bcl.AsyncInterfaces, Version=1.0.0.0, Culture=neutral, PublicKeyToken=cc7b13ffcd2ddd51'. The system cannot find the file specified.
   at System.Reflection.RuntimeModule.GetTypes(RuntimeModule module)
   at System.Reflection.Assembly.GetTypes()
   at Microsoft.VisualStudio.TestPlatform.Common.ExtensionFramework.TestPluginDiscoverer.GetTestExtensionsFromAssembly[TPluginInfo,TExtension](Assembly assembly, Dictionary`2 pluginInfos, String filePath)
System.IO.FileNotFoundException: Could not load file or assembly 'Microsoft.Bcl.AsyncInterfaces, Version=1.0.0.0, Culture=neutral, PublicKeyToken=cc7b13ffcd2ddd51'. The system cannot find the file specified.
File name: 'Microsoft.Bcl.AsyncInterfaces, Version=1.0.0.0, Culture=neutral, PublicKeyToken=cc7b13ffcd2ddd51'
 ---> System.IO.FileNotFoundException: Could not load file or assembly 'Microsoft.Bcl.AsyncInterfaces, Culture=neutral, PublicKeyToken=null'. The system cannot find the file specified.
File name: 'Microsoft.Bcl.AsyncInterfaces, Culture=neutral, PublicKeyToken=null'
   at System.Reflection.RuntimeAssembly.InternalLoad(ObjectHandleOnStack assemblyName, ObjectHandleOnStack requestingAssembly, StackCrawlMarkHandle stackMark, Boolean throwOnFileNotFound, ObjectHandleOnStack assemblyLoadContext, ObjectHandleOnStack retAssembly)
   at System.Reflection.RuntimeAssembly.InternalLoad(AssemblyName assemblyName, RuntimeAssembly requestingAssembly, StackCrawlMark& stackMark, Boolean throwOnFileNotFound, AssemblyLoadContext assemblyLoadContext)
   at System.Reflection.Assembly.Load(AssemblyName assemblyRef)
   at Microsoft.VisualStudio.TestPlatform.Common.ExtensionFramework.TestPluginCache.CurrentDomainAssemblyResolve(Object sender, AssemblyResolveEventArgs args)
   at Microsoft.VisualStudio.TestPlatform.PlatformAbstractions.PlatformAssemblyResolver.AssemblyResolverEvent(Object sender, Object eventArgs)
   at System.Runtime.Loader.AssemblyLoadContext.GetFirstResolvedAssemblyFromResolvingEvent(AssemblyName assemblyName)
   at System.Runtime.Loader.AssemblyLoadContext.ResolveUsingEvent(AssemblyName assemblyName)
   at System.Runtime.Loader.AssemblyLoadContext.ResolveUsingResolvingEvent(IntPtr gchManagedAssemblyLoadContext, AssemblyName assemblyName)
TpTrace Warning: 0 : 15740, 1, 2022/12/08, 15:26:50.984, 38918395212, vstest.console.dll, LoaderExceptions: System.IO.FileNotFoundException: Could not load file or assembly 'Microsoft.Bcl.AsyncInterfaces, Version=1.0.0.0, Culture=neutral, PublicKeyToken=cc7b13ffcd2ddd51'. The system cannot find the file specified.
File name: 'Microsoft.Bcl.AsyncInterfaces, Version=1.0.0.0, Culture=neutral, PublicKeyToken=cc7b13ffcd2ddd51'
 ---> System.IO.FileNotFoundException: Could not load file or assembly 'Microsoft.Bcl.AsyncInterfaces, Culture=neutral, PublicKeyToken=null'. The system cannot find the file specified.
File name: 'Microsoft.Bcl.AsyncInterfaces, Culture=neutral, PublicKeyToken=null'
   at System.Reflection.RuntimeAssembly.InternalLoad(ObjectHandleOnStack assemblyName, ObjectHandleOnStack requestingAssembly, StackCrawlMarkHandle stackMark, Boolean throwOnFileNotFound, ObjectHandleOnStack assemblyLoadContext, ObjectHandleOnStack retAssembly)
   at System.Reflection.RuntimeAssembly.InternalLoad(AssemblyName assemblyName, RuntimeAssembly requestingAssembly, StackCrawlMark& stackMark, Boolean throwOnFileNotFound, AssemblyLoadContext assemblyLoadContext)
   at System.Reflection.Assembly.Load(AssemblyName assemblyRef)
   at Microsoft.VisualStudio.TestPlatform.Common.ExtensionFramework.TestPluginCache.CurrentDomainAssemblyResolve(Object sender, AssemblyResolveEventArgs args)
   at Microsoft.VisualStudio.TestPlatform.PlatformAbstractions.PlatformAssemblyResolver.AssemblyResolverEvent(Object sender, Object eventArgs)
   at System.Runtime.Loader.AssemblyLoadContext.GetFirstResolvedAssemblyFromResolvingEvent(AssemblyName assemblyName)
   at System.Runtime.Loader.AssemblyLoadContext.ResolveUsingEvent(AssemblyName assemblyName)
   at System.Runtime.Loader.AssemblyLoadContext.ResolveUsingResolvingEvent(IntPtr gchManagedAssemblyLoadContext, AssemblyName assemblyName)
TpTrace Information: 0 : 15740, 1, 2022/12/08, 15:26:50.984, 38918397759, vstest.console.dll, AssemblyResolver.OnResolve: Microsoft.TestPlatform.Extensions.BlameDataCollector: Resolving assembly.
TpTrace Information: 0 : 15740, 1, 2022/12/08, 15:26:50.984, 38918398376, vstest.console.dll, AssemblyResolver.OnResolve: Microsoft.TestPlatform.Extensions.BlameDataCollector: Searching in: 'C:\Program Files\dotnet\sdk\6.0.301\Extensions'.
TpTrace Information: 0 : 15740, 1, 2022/12/08, 15:26:50.984, 38918401602, vstest.console.dll, AssemblyResolver.OnResolve: Microsoft.TestPlatform.Extensions.BlameDataCollector: Loading assembly 'C:\Program Files\dotnet\sdk\6.0.301\Extensions\Microsoft.TestPlatform.Extensions.BlameDataCollector.dll'.
TpTrace Information: 0 : 15740, 1, 2022/12/08, 15:26:50.985, 38918407949, vstest.console.dll, AssemblyResolver.OnResolve: Resolved assembly: Microsoft.TestPlatform.Extensions.BlameDataCollector, from path: C:\Program Files\dotnet\sdk\6.0.301\Extensions\Microsoft.TestPlatform.Extensions.BlameDataCollector.dll
TpTrace Verbose: 0 : 15740, 1, 2022/12/08, 15:26:50.985, 38918409164, vstest.console.dll, MetadataReaderExtensionsHelper: Discovering extensions inside assembly 'Microsoft.TestPlatform.Extensions.BlameDataCollector, Version=15.0.0.0, Culture=neutral, PublicKeyToken=b03f5f7f11d50a3a' file path 'C:\Program Files\dotnet\sdk\6.0.301\Extensions\Microsoft.TestPlatform.Extensions.BlameDataCollector.dll'
TpTrace Information: 0 : 15740, 1, 2022/12/08, 15:26:50.986, 38918421977, vstest.console.dll, AssemblyResolver.OnResolve: Microsoft.TestPlatform.Extensions.EventLogCollector: Resolving assembly.
TpTrace Information: 0 : 15740, 1, 2022/12/08, 15:26:50.986, 38918423115, vstest.console.dll, AssemblyResolver.OnResolve: Microsoft.TestPlatform.Extensions.EventLogCollector: Searching in: 'C:\Program Files\dotnet\sdk\6.0.301\Extensions'.
TpTrace Information: 0 : 15740, 1, 2022/12/08, 15:26:50.987, 38918426886, vstest.console.dll, AssemblyResolver.OnResolve: Microsoft.TestPlatform.Extensions.EventLogCollector: Loading assembly 'C:\Program Files\dotnet\sdk\6.0.301\Extensions\Microsoft.TestPlatform.Extensions.EventLogCollector.dll'.
TpTrace Information: 0 : 15740, 1, 2022/12/08, 15:26:50.987, 38918431363, vstest.console.dll, AssemblyResolver.OnResolve: Resolved assembly: Microsoft.TestPlatform.Extensions.EventLogCollector, from path: C:\Program Files\dotnet\sdk\6.0.301\Extensions\Microsoft.TestPlatform.Extensions.EventLogCollector.dll
TpTrace Verbose: 0 : 15740, 1, 2022/12/08, 15:26:50.987, 38918432366, vstest.console.dll, MetadataReaderExtensionsHelper: Discovering extensions inside assembly 'Microsoft.TestPlatform.Extensions.EventLogCollector, Version=15.0.0.0, Culture=neutral, PublicKeyToken=b03f5f7f11d50a3a' file path 'C:\Program Files\dotnet\sdk\6.0.301\Extensions\Microsoft.TestPlatform.Extensions.EventLogCollector.dll'
TpTrace Information: 0 : 15740, 1, 2022/12/08, 15:26:50.989, 38918445127, vstest.console.dll, AssemblyResolver.OnResolve: Microsoft.TestPlatform.TestHostRuntimeProvider: Resolving assembly.
TpTrace Information: 0 : 15740, 1, 2022/12/08, 15:26:50.989, 38918446294, vstest.console.dll, AssemblyResolver.OnResolve: Microsoft.TestPlatform.TestHostRuntimeProvider: Searching in: 'C:\Program Files\dotnet\sdk\6.0.301\Extensions'.
TpTrace Information: 0 : 15740, 1, 2022/12/08, 15:26:50.989, 38918449410, vstest.console.dll, AssemblyResolver.OnResolve: Microsoft.TestPlatform.TestHostRuntimeProvider: Loading assembly 'C:\Program Files\dotnet\sdk\6.0.301\Extensions\Microsoft.TestPlatform.TestHostRuntimeProvider.dll'.
TpTrace Information: 0 : 15740, 1, 2022/12/08, 15:26:50.990, 38918454415, vstest.console.dll, AssemblyResolver.OnResolve: Resolved assembly: Microsoft.TestPlatform.TestHostRuntimeProvider, from path: C:\Program Files\dotnet\sdk\6.0.301\Extensions\Microsoft.TestPlatform.TestHostRuntimeProvider.dll
TpTrace Verbose: 0 : 15740, 1, 2022/12/08, 15:26:50.990, 38918455314, vstest.console.dll, MetadataReaderExtensionsHelper: Discovering extensions inside assembly 'Microsoft.TestPlatform.TestHostRuntimeProvider, Version=15.0.0.0, Culture=neutral, PublicKeyToken=b03f5f7f11d50a3a' file path 'C:\Program Files\dotnet\sdk\6.0.301\Extensions\Microsoft.TestPlatform.TestHostRuntimeProvider.dll'
TpTrace Information: 0 : 15740, 1, 2022/12/08, 15:26:50.992, 38918475523, vstest.console.dll, GetTestExtensionFromType: Register extension with identifier data 'HostProvider://DefaultTestHost' and type 'Microsoft.VisualStudio.TestPlatform.CrossPlatEngine.Hosting.DefaultTestHostManager, Microsoft.TestPlatform.TestHostRuntimeProvider, Version=15.0.0.0, Culture=neutral, PublicKeyToken=b03f5f7f11d50a3a' inside file 'C:\Program Files\dotnet\sdk\6.0.301\Extensions\Microsoft.TestPlatform.TestHostRuntimeProvider.dll'
TpTrace Information: 0 : 15740, 1, 2022/12/08, 15:26:50.992, 38918477139, vstest.console.dll, GetTestExtensionFromType: Register extension with identifier data 'HostProvider://DotnetTestHost' and type 'Microsoft.VisualStudio.TestPlatform.CrossPlatEngine.Hosting.DotnetTestHostManager, Microsoft.TestPlatform.TestHostRuntimeProvider, Version=15.0.0.0, Culture=neutral, PublicKeyToken=b03f5f7f11d50a3a' inside file 'C:\Program Files\dotnet\sdk\6.0.301\Extensions\Microsoft.TestPlatform.TestHostRuntimeProvider.dll'
TpTrace Information: 0 : 15740, 1, 2022/12/08, 15:26:50.992, 38918478131, vstest.console.dll, AssemblyResolver.OnResolve: Microsoft.VisualStudio.TestPlatform.Extensions.Html.TestLogger: Resolving assembly.
TpTrace Information: 0 : 15740, 1, 2022/12/08, 15:26:50.992, 38918478563, vstest.console.dll, AssemblyResolver.OnResolve: Microsoft.VisualStudio.TestPlatform.Extensions.Html.TestLogger: Searching in: 'C:\Program Files\dotnet\sdk\6.0.301\Extensions'.
TpTrace Information: 0 : 15740, 1, 2022/12/08, 15:26:50.992, 38918482051, vstest.console.dll, AssemblyResolver.OnResolve: Microsoft.VisualStudio.TestPlatform.Extensions.Html.TestLogger: Loading assembly 'C:\Program Files\dotnet\sdk\6.0.301\Extensions\Microsoft.VisualStudio.TestPlatform.Extensions.Html.TestLogger.dll'.
TpTrace Information: 0 : 15740, 1, 2022/12/08, 15:26:50.993, 38918487579, vstest.console.dll, AssemblyResolver.OnResolve: Resolved assembly: Microsoft.VisualStudio.TestPlatform.Extensions.Html.TestLogger, from path: C:\Program Files\dotnet\sdk\6.0.301\Extensions\Microsoft.VisualStudio.TestPlatform.Extensions.Html.TestLogger.dll
TpTrace Verbose: 0 : 15740, 1, 2022/12/08, 15:26:50.993, 38918488592, vstest.console.dll, MetadataReaderExtensionsHelper: Discovering extensions inside assembly 'Microsoft.VisualStudio.TestPlatform.Extensions.Html.TestLogger, Version=15.0.0.0, Culture=neutral, PublicKeyToken=b03f5f7f11d50a3a' file path 'C:\Program Files\dotnet\sdk\6.0.301\Extensions\Microsoft.VisualStudio.TestPlatform.Extensions.Html.TestLogger.dll'
TpTrace Information: 0 : 15740, 1, 2022/12/08, 15:26:50.994, 38918495456, vstest.console.dll, AssemblyResolver.OnResolve: Microsoft.VisualStudio.TestPlatform.Extensions.Trx.TestLogger: Resolving assembly.
TpTrace Information: 0 : 15740, 1, 2022/12/08, 15:26:50.994, 38918496363, vstest.console.dll, AssemblyResolver.OnResolve: Microsoft.VisualStudio.TestPlatform.Extensions.Trx.TestLogger: Searching in: 'C:\Program Files\dotnet\sdk\6.0.301\Extensions'.
TpTrace Information: 0 : 15740, 1, 2022/12/08, 15:26:50.994, 38918499924, vstest.console.dll, AssemblyResolver.OnResolve: Microsoft.VisualStudio.TestPlatform.Extensions.Trx.TestLogger: Loading assembly 'C:\Program Files\dotnet\sdk\6.0.301\Extensions\Microsoft.VisualStudio.TestPlatform.Extensions.Trx.TestLogger.dll'.
TpTrace Information: 0 : 15740, 1, 2022/12/08, 15:26:50.995, 38918506901, vstest.console.dll, AssemblyResolver.OnResolve: Resolved assembly: Microsoft.VisualStudio.TestPlatform.Extensions.Trx.TestLogger, from path: C:\Program Files\dotnet\sdk\6.0.301\Extensions\Microsoft.VisualStudio.TestPlatform.Extensions.Trx.TestLogger.dll
TpTrace Verbose: 0 : 15740, 1, 2022/12/08, 15:26:50.995, 38918508853, vstest.console.dll, MetadataReaderExtensionsHelper: Discovering extensions inside assembly 'Microsoft.VisualStudio.TestPlatform.Extensions.Trx.TestLogger, Version=15.0.0.0, Culture=neutral, PublicKeyToken=b03f5f7f11d50a3a' file path 'C:\Program Files\dotnet\sdk\6.0.301\Extensions\Microsoft.VisualStudio.TestPlatform.Extensions.Trx.TestLogger.dll'
TpTrace Verbose: 0 : 15740, 1, 2022/12/08, 15:26:50.996, 38918521959, vstest.console.dll, TestPluginCache: Discovered the extensions using extension path ''.
TpTrace Verbose: 0 : 15740, 1, 2022/12/08, 15:26:50.996, 38918523365, vstest.console.dll, TestPluginCache: Discoverers are ''.
TpTrace Verbose: 0 : 15740, 1, 2022/12/08, 15:26:50.997, 38918523732, vstest.console.dll, TestPluginCache: Executors are ''.
TpTrace Verbose: 0 : 15740, 1, 2022/12/08, 15:26:50.997, 38918524068, vstest.console.dll, TestPluginCache: Executors2 are ''.
TpTrace Verbose: 0 : 15740, 1, 2022/12/08, 15:26:50.997, 38918524494, vstest.console.dll, TestPluginCache: Setting providers are ''.
TpTrace Verbose: 0 : 15740, 1, 2022/12/08, 15:26:50.997, 38918525130, vstest.console.dll, TestPluginCache: Loggers are ''.
TpTrace Verbose: 0 : 15740, 1, 2022/12/08, 15:26:50.997, 38918527443, vstest.console.dll, TestPluginCache: TestHosts are 'HostProvider://DefaultTestHost,HostProvider://DotnetTestHost'.
TpTrace Verbose: 0 : 15740, 1, 2022/12/08, 15:26:50.997, 38918527978, vstest.console.dll, TestPluginCache: DataCollectors are ''.
TpTrace Information: 0 : 15740, 1, 2022/12/08, 15:26:51.009, 38918652979, vstest.console.dll, RunTestsArgumentProcessor:Execute: Test run is starting.
TpTrace Verbose: 0 : 15740, 1, 2022/12/08, 15:26:51.010, 38918654272, vstest.console.dll, RunTestsArgumentProcessor:Execute: Queuing Test run.
TpTrace Information: 0 : 15740, 1, 2022/12/08, 15:26:51.010, 38918656564, vstest.console.dll, TestRequestManager.RunTests: run tests started.
TpTrace Information: 0 : 15740, 1, 2022/12/08, 15:26:51.012, 38918676280, vstest.console.dll, AssemblyMetadataProvider.GetFrameWork: Determined framework:'.NETCoreApp,Version=v3.0' for source: 'C:\WebProject\C# Advanced Final Exam\C# OOP ExamPrep2\03. Unit Tests_Skeleton\Presents.Tests\bin\Debug\fine-code-coverage-netcoreapp3.0\Presents.Tests.dll'
TpTrace Information: 0 : 15740, 1, 2022/12/08, 15:26:51.012, 38918678146, vstest.console.dll, Determined framework for all sources: .NETCoreApp,Version=v3.0
TpTrace Verbose: 0 : 15740, 1, 2022/12/08, 15:26:51.012, 38918682310, vstest.console.dll, TestRequestManager.UpdateRunSettingsIfRequired: Default architecture: X64 IsDefaultTargetArchitecture: True, Current process architecture: X64 OperatingSystem: Windows.
TpTrace Information: 0 : 15740, 1, 2022/12/08, 15:26:51.013, 38918686391, vstest.console.dll, AssemblyMetadataProvider.GetArchitecture: Determined architecture:AnyCPU info for assembly: C:\WebProject\C# Advanced Final Exam\C# OOP ExamPrep2\03. Unit Tests_Skeleton\Presents.Tests\bin\Debug\fine-code-coverage-netcoreapp3.0\Presents.Tests.dll
TpTrace Information: 0 : 15740, 1, 2022/12/08, 15:26:51.013, 38918687002, vstest.console.dll, Determined platform for source 'C:\WebProject\C# Advanced Final Exam\C# OOP ExamPrep2\03. Unit Tests_Skeleton\Presents.Tests\bin\Debug\fine-code-coverage-netcoreapp3.0\Presents.Tests.dll' is 'AnyCPU'
TpTrace Information: 0 : 15740, 1, 2022/12/08, 15:26:51.015, 38918708186, vstest.console.dll, Determined platform for all sources: X64
TpTrace Information: 0 : 15740, 1, 2022/12/08, 15:26:51.015, 38918709966, vstest.console.dll, Infered platform 'X64'.
TpTrace Information: 0 : 15740, 1, 2022/12/08, 15:26:51.015, 38918710424, vstest.console.dll, Platform update to 'X64' required.
TpTrace Information: 0 : 15740, 1, 2022/12/08, 15:26:51.018, 38918739015, vstest.console.dll, Compatible sources list: 
TpTrace Information: 0 : 15740, 1, 2022/12/08, 15:26:51.018, 38918740562, vstest.console.dll, C:\WebProject\C# Advanced Final Exam\C# OOP ExamPrep2\03. Unit Tests_Skeleton\Presents.Tests\bin\Debug\fine-code-coverage-netcoreapp3.0\Presents.Tests.dll
TpTrace Information: 0 : 15740, 1, 2022/12/08, 15:26:51.021, 38918766760, vstest.console.dll, InferRunSettingsHelper.IsTestSettingsEnabled: Unable to navigate to RunSettings/MSTest. Current node: RunSettings
TpTrace Information: 0 : 15740, 1, 2022/12/08, 15:26:51.022, 38918775163, vstest.console.dll, AssemblyResolver.OnResolve: Microsoft.VisualStudio.TestPlatform.Fakes: Resolving assembly.
TpTrace Information: 0 : 15740, 1, 2022/12/08, 15:26:51.022, 38918776076, vstest.console.dll, AssemblyResolver.OnResolve: Microsoft.VisualStudio.TestPlatform.Fakes: Searching in: 'C:\Program Files\dotnet\sdk\6.0.301\Extensions'.
TpTrace Information: 0 : 15740, 1, 2022/12/08, 15:26:51.022, 38918777390, vstest.console.dll, AssemblyResolver.OnResolve: Microsoft.VisualStudio.TestPlatform.Fakes: Assembly path does not exist: 'C:\Program Files\dotnet\sdk\6.0.301\Extensions\Microsoft.VisualStudio.TestPlatform.Fakes.dll', returning.
TpTrace Information: 0 : 15740, 1, 2022/12/08, 15:26:51.022, 38918778070, vstest.console.dll, AssemblyResolver.OnResolve: Microsoft.VisualStudio.TestPlatform.Fakes: Assembly path does not exist: 'C:\Program Files\dotnet\sdk\6.0.301\Extensions\Microsoft.VisualStudio.TestPlatform.Fakes.exe', returning.
TpTrace Information: 0 : 15740, 1, 2022/12/08, 15:26:51.022, 38918778576, vstest.console.dll, AssemblyResolver.OnResolve: Microsoft.VisualStudio.TestPlatform.Fakes: Searching in: 'C:\Program Files\dotnet\sdk\6.0.301'.
TpTrace Information: 0 : 15740, 1, 2022/12/08, 15:26:51.022, 38918779290, vstest.console.dll, AssemblyResolver.OnResolve: Microsoft.VisualStudio.TestPlatform.Fakes: Assembly path does not exist: 'C:\Program Files\dotnet\sdk\6.0.301\Microsoft.VisualStudio.TestPlatform.Fakes.dll', returning.
TpTrace Information: 0 : 15740, 1, 2022/12/08, 15:26:51.022, 38918779930, vstest.console.dll, AssemblyResolver.OnResolve: Microsoft.VisualStudio.TestPlatform.Fakes: Assembly path does not exist: 'C:\Program Files\dotnet\sdk\6.0.301\Microsoft.VisualStudio.TestPlatform.Fakes.exe', returning.
TpTrace Information: 0 : 15740, 1, 2022/12/08, 15:26:51.022, 38918780387, vstest.console.dll, AssemblyResolver.OnResolve: Microsoft.VisualStudio.TestPlatform.Fakes: Failed to load assembly.
TpTrace Information: 0 : 15740, 1, 2022/12/08, 15:26:51.022, 38918783315, vstest.console.dll, Failed to load assembly Microsoft.VisualStudio.TestPlatform.Fakes, Version=17.0.0.0, Culture=neutral. Reason:System.IO.FileNotFoundException: Could not load file or assembly 'Microsoft.VisualStudio.TestPlatform.Fakes, Version=17.0.0.0, Culture=neutral, PublicKeyToken=null'. The system cannot find the file specified.
File name: 'Microsoft.VisualStudio.TestPlatform.Fakes, Version=17.0.0.0, Culture=neutral, PublicKeyToken=null'
   at System.Reflection.RuntimeAssembly.InternalLoad(ObjectHandleOnStack assemblyName, ObjectHandleOnStack requestingAssembly, StackCrawlMarkHandle stackMark, Boolean throwOnFileNotFound, ObjectHandleOnStack assemblyLoadContext, ObjectHandleOnStack retAssembly)
   at System.Reflection.RuntimeAssembly.InternalLoad(AssemblyName assemblyName, RuntimeAssembly requestingAssembly, StackCrawlMark& stackMark, Boolean throwOnFileNotFound, AssemblyLoadContext assemblyLoadContext)
   at System.Reflection.Assembly.Load(AssemblyName assemblyRef)
   at Microsoft.VisualStudio.TestPlatform.Common.Utilities.FakesUtilities.LoadTestPlatformAssembly()
TpTrace Verbose: 0 : 15740, 1, 2022/12/08, 15:26:51.026, 38918823287, vstest.console.dll, TestPluginCache.DiscoverTestExtensions: finding test extensions in assemblies ends with: TestLogger.dll TPluginInfo: Microsoft.VisualStudio.TestPlatform.Common.ExtensionFramework.Utilities.TestLoggerPluginInformation TExtension: Microsoft.VisualStudio.TestPlatform.ObjectModel.Client.ITestLogger
TpTrace Verbose: 0 : 15740, 1, 2022/12/08, 15:26:51.027, 38918824778, vstest.console.dll, TestPluginCache.GetExtensionPaths: Filtered extension paths: 
TpTrace Verbose: 0 : 15740, 1, 2022/12/08, 15:26:51.027, 38918825205, vstest.console.dll, TestPluginCache.GetExtensionPaths: Added default extension paths: C:\Program Files\dotnet\sdk\6.0.301\Extensions\DumpMinitool.exe
C:\Program Files\dotnet\sdk\6.0.301\Extensions\DumpMinitool.x86.exe
C:\Program Files\dotnet\sdk\6.0.301\Extensions\Microsoft.Diagnostics.NETCore.Client.dll
C:\Program Files\dotnet\sdk\6.0.301\Extensions\Microsoft.TestPlatform.Extensions.BlameDataCollector.dll
C:\Program Files\dotnet\sdk\6.0.301\Extensions\Microsoft.TestPlatform.Extensions.EventLogCollector.dll
C:\Program Files\dotnet\sdk\6.0.301\Extensions\Microsoft.TestPlatform.TestHostRuntimeProvider.dll
C:\Program Files\dotnet\sdk\6.0.301\Extensions\Microsoft.VisualStudio.TestPlatform.Extensions.Html.TestLogger.dll
C:\Program Files\dotnet\sdk\6.0.301\Extensions\Microsoft.VisualStudio.TestPlatform.Extensions.Trx.TestLogger.dll
TpTrace Verbose: 0 : 15740, 1, 2022/12/08, 15:26:51.027, 38918825677, vstest.console.dll, TestPluginCache.GetExtensionPaths: Added unfilterableExtensionPaths: 
TpTrace Information: 0 : 15740, 1, 2022/12/08, 15:26:51.027, 38918827885, vstest.console.dll, AssemblyResolver.AddSearchDirectories: Adding more searchDirectories C:\Program Files\dotnet\sdk\6.0.301\Extensions,C:\Program Files\dotnet\sdk\6.0.301
TpTrace Verbose: 0 : 15740, 1, 2022/12/08, 15:26:51.027, 38918828937, vstest.console.dll, TestPluginCache.DiscoverTestExtensions: Discovering the extensions using extension path.
TpTrace Verbose: 0 : 15740, 1, 2022/12/08, 15:26:51.027, 38918830467, vstest.console.dll, TestPluginCache.GetExtensionPaths: Filtered extension paths: 
TpTrace Verbose: 0 : 15740, 1, 2022/12/08, 15:26:51.027, 38918831162, vstest.console.dll, TestPluginCache.GetExtensionPaths: Added default extension paths: C:\Program Files\dotnet\sdk\6.0.301\Extensions\DumpMinitool.exe
C:\Program Files\dotnet\sdk\6.0.301\Extensions\DumpMinitool.x86.exe
C:\Program Files\dotnet\sdk\6.0.301\Extensions\Microsoft.Diagnostics.NETCore.Client.dll
C:\Program Files\dotnet\sdk\6.0.301\Extensions\Microsoft.TestPlatform.Extensions.BlameDataCollector.dll
C:\Program Files\dotnet\sdk\6.0.301\Extensions\Microsoft.TestPlatform.Extensions.EventLogCollector.dll
C:\Program Files\dotnet\sdk\6.0.301\Extensions\Microsoft.TestPlatform.TestHostRuntimeProvider.dll
C:\Program Files\dotnet\sdk\6.0.301\Extensions\Microsoft.VisualStudio.TestPlatform.Extensions.Html.TestLogger.dll
C:\Program Files\dotnet\sdk\6.0.301\Extensions\Microsoft.VisualStudio.TestPlatform.Extensions.Trx.TestLogger.dll
TpTrace Verbose: 0 : 15740, 1, 2022/12/08, 15:26:51.027, 38918831982, vstest.console.dll, TestPluginCache.GetExtensionPaths: Added unfilterableExtensionPaths: 
TpTrace Verbose: 0 : 15740, 1, 2022/12/08, 15:26:51.027, 38918832765, vstest.console.dll, TestPluginCache.DiscoverTestExtensions: Discovering the extensions using allExtensionPaths: C:\Program Files\dotnet\sdk\6.0.301\Extensions\DumpMinitool.exe
C:\Program Files\dotnet\sdk\6.0.301\Extensions\DumpMinitool.x86.exe
C:\Program Files\dotnet\sdk\6.0.301\Extensions\Microsoft.Diagnostics.NETCore.Client.dll
C:\Program Files\dotnet\sdk\6.0.301\Extensions\Microsoft.TestPlatform.Extensions.BlameDataCollector.dll
C:\Program Files\dotnet\sdk\6.0.301\Extensions\Microsoft.TestPlatform.Extensions.EventLogCollector.dll
C:\Program Files\dotnet\sdk\6.0.301\Extensions\Microsoft.TestPlatform.TestHostRuntimeProvider.dll
C:\Program Files\dotnet\sdk\6.0.301\Extensions\Microsoft.VisualStudio.TestPlatform.Extensions.Html.TestLogger.dll
C:\Program Files\dotnet\sdk\6.0.301\Extensions\Microsoft.VisualStudio.TestPlatform.Extensions.Trx.TestLogger.dll
TpTrace Information: 0 : 15740, 1, 2022/12/08, 15:26:51.028, 38918834142, vstest.console.dll, AssemblyResolver.AddSearchDirectories: Adding more searchDirectories C:\Program Files\dotnet\sdk\6.0.301\Extensions,C:\Program Files\dotnet\sdk\6.0.301
TpTrace Information: 0 : 15740, 1, 2022/12/08, 15:26:51.028, 38918834935, vstest.console.dll, AssemblyResolver.AddSearchDirectories: Adding more searchDirectories C:\Program Files\dotnet\sdk\6.0.301\Extensions,C:\Program Files\dotnet\sdk\6.0.301
TpTrace Information: 0 : 15740, 1, 2022/12/08, 15:26:51.028, 38918835710, vstest.console.dll, AssemblyResolver.AddSearchDirectories: Adding more searchDirectories C:\Program Files\dotnet\sdk\6.0.301\Extensions,C:\Program Files\dotnet\sdk\6.0.301
TpTrace Information: 0 : 15740, 1, 2022/12/08, 15:26:51.028, 38918836361, vstest.console.dll, AssemblyResolver.AddSearchDirectories: Adding more searchDirectories C:\Program Files\dotnet\sdk\6.0.301\Extensions,C:\Program Files\dotnet\sdk\6.0.301
TpTrace Information: 0 : 15740, 1, 2022/12/08, 15:26:51.028, 38918836749, vstest.console.dll, AssemblyResolver.AddSearchDirectories: Adding more searchDirectories C:\Program Files\dotnet\sdk\6.0.301\Extensions,C:\Program Files\dotnet\sdk\6.0.301
TpTrace Information: 0 : 15740, 1, 2022/12/08, 15:26:51.028, 38918837219, vstest.console.dll, AssemblyResolver.AddSearchDirectories: Adding more searchDirectories C:\Program Files\dotnet\sdk\6.0.301\Extensions,C:\Program Files\dotnet\sdk\6.0.301
TpTrace Information: 0 : 15740, 1, 2022/12/08, 15:26:51.028, 38918837592, vstest.console.dll, AssemblyResolver.AddSearchDirectories: Adding more searchDirectories C:\Program Files\dotnet\sdk\6.0.301\Extensions,C:\Program Files\dotnet\sdk\6.0.301
TpTrace Information: 0 : 15740, 1, 2022/12/08, 15:26:51.028, 38918837949, vstest.console.dll, AssemblyResolver.AddSearchDirectories: Adding more searchDirectories C:\Program Files\dotnet\sdk\6.0.301\Extensions,C:\Program Files\dotnet\sdk\6.0.301
TpTrace Verbose: 0 : 15740, 1, 2022/12/08, 15:26:51.028, 38918839774, vstest.console.dll, MetadataReaderExtensionsHelper: Discovering extensions inside assembly 'DumpMinitool, Version=15.0.0.0, Culture=neutral, PublicKeyToken=b03f5f7f11d50a3a' file path 'C:\Program Files\dotnet\sdk\6.0.301\Extensions\DumpMinitool.exe'
TpTrace Verbose: 0 : 15740, 1, 2022/12/08, 15:26:51.029, 38918844265, vstest.console.dll, MetadataReaderExtensionsHelper: Discovering extensions inside assembly 'DumpMinitool.x86, Version=15.0.0.0, Culture=neutral, PublicKeyToken=b03f5f7f11d50a3a' file path 'C:\Program Files\dotnet\sdk\6.0.301\Extensions\DumpMinitool.x86.exe'
TpTrace Verbose: 0 : 15740, 1, 2022/12/08, 15:26:51.029, 38918847566, vstest.console.dll, MetadataReaderExtensionsHelper: Discovering extensions inside assembly 'Microsoft.Diagnostics.NETCore.Client, Version=0.2.5.801, Culture=neutral, PublicKeyToken=31bf3856ad364e35' file path 'C:\Program Files\dotnet\sdk\6.0.301\Extensions\Microsoft.Diagnostics.NETCore.Client.dll'
TpTrace Information: 0 : 15740, 1, 2022/12/08, 15:26:51.029, 38918852090, vstest.console.dll, AssemblyResolver.OnResolve: Microsoft.Bcl.AsyncInterfaces: Resolving assembly.
TpTrace Information: 0 : 15740, 1, 2022/12/08, 15:26:51.029, 38918852820, vstest.console.dll, AssemblyResolver.OnResolve: Microsoft.Bcl.AsyncInterfaces: Resolved from cache.
TpTrace Verbose: 0 : 15740, 1, 2022/12/08, 15:26:51.029, 38918853340, vstest.console.dll, CurrentDomainAssemblyResolve: Resolving assembly 'Microsoft.Bcl.AsyncInterfaces'.
TpTrace Information: 0 : 15740, 1, 2022/12/08, 15:26:51.030, 38918853930, vstest.console.dll, AssemblyResolver.OnResolve: Microsoft.Bcl.AsyncInterfaces: Resolving assembly.
TpTrace Information: 0 : 15740, 1, 2022/12/08, 15:26:51.030, 38918854303, vstest.console.dll, AssemblyResolver.OnResolve: Microsoft.Bcl.AsyncInterfaces: Resolved from cache.
TpTrace Verbose: 0 : 15740, 1, 2022/12/08, 15:26:51.030, 38918854684, vstest.console.dll, CurrentDomainAssemblyResolve: Resolving assembly 'Microsoft.Bcl.AsyncInterfaces'.
TpTrace Verbose: 0 : 15740, 1, 2022/12/08, 15:26:51.030, 38918855019, vstest.console.dll, CurrentDomainAssemblyResolve: Failed to resolve assembly 'Microsoft.Bcl.AsyncInterfaces'.
TpTrace Verbose: 0 : 15740, 1, 2022/12/08, 15:26:51.030, 38918856844, vstest.console.dll, CurrentDomainAssemblyResolve: Failed to resolve assembly 'Microsoft.Bcl.AsyncInterfaces'.
TpTrace Warning: 0 : 15740, 1, 2022/12/08, 15:26:51.031, 38918868538, vstest.console.dll, TestPluginDiscoverer: Failed to get types from assembly 'Microsoft.Diagnostics.NETCore.Client, Version=0.2.5.801, Culture=neutral, PublicKeyToken=31bf3856ad364e35'. Error: System.Reflection.ReflectionTypeLoadException: Unable to load one or more of the requested types.
Could not load file or assembly 'Microsoft.Bcl.AsyncInterfaces, Version=1.0.0.0, Culture=neutral, PublicKeyToken=cc7b13ffcd2ddd51'. The system cannot find the file specified.
   at System.Reflection.RuntimeModule.GetTypes(RuntimeModule module)
   at System.Reflection.Assembly.GetTypes()
   at Microsoft.VisualStudio.TestPlatform.Common.ExtensionFramework.TestPluginDiscoverer.GetTestExtensionsFromAssembly[TPluginInfo,TExtension](Assembly assembly, Dictionary`2 pluginInfos, String filePath)
System.IO.FileNotFoundException: Could not load file or assembly 'Microsoft.Bcl.AsyncInterfaces, Version=1.0.0.0, Culture=neutral, PublicKeyToken=cc7b13ffcd2ddd51'. The system cannot find the file specified.
File name: 'Microsoft.Bcl.AsyncInterfaces, Version=1.0.0.0, Culture=neutral, PublicKeyToken=cc7b13ffcd2ddd51'
 ---> System.IO.FileNotFoundException: Could not load file or assembly 'Microsoft.Bcl.AsyncInterfaces, Culture=neutral, PublicKeyToken=null'. The system cannot find the file specified.
File name: 'Microsoft.Bcl.AsyncInterfaces, Culture=neutral, PublicKeyToken=null'
   at System.Reflection.RuntimeAssembly.InternalLoad(ObjectHandleOnStack assemblyName, ObjectHandleOnStack requestingAssembly, StackCrawlMarkHandle stackMark, Boolean throwOnFileNotFound, ObjectHandleOnStack assemblyLoadContext, ObjectHandleOnStack retAssembly)
   at System.Reflection.RuntimeAssembly.InternalLoad(AssemblyName assemblyName, RuntimeAssembly requestingAssembly, StackCrawlMark& stackMark, Boolean throwOnFileNotFound, AssemblyLoadContext assemblyLoadContext)
   at System.Reflection.Assembly.Load(AssemblyName assemblyRef)
   at Microsoft.VisualStudio.TestPlatform.Common.ExtensionFramework.TestPluginCache.CurrentDomainAssemblyResolve(Object sender, AssemblyResolveEventArgs args)
   at Microsoft.VisualStudio.TestPlatform.PlatformAbstractions.PlatformAssemblyResolver.AssemblyResolverEvent(Object sender, Object eventArgs)
   at System.Runtime.Loader.AssemblyLoadContext.GetFirstResolvedAssemblyFromResolvingEvent(AssemblyName assemblyName)
   at System.Runtime.Loader.AssemblyLoadContext.ResolveUsingEvent(AssemblyName assemblyName)
   at System.Runtime.Loader.AssemblyLoadContext.ResolveUsingResolvingEvent(IntPtr gchManagedAssemblyLoadContext, AssemblyName assemblyName)
TpTrace Warning: 0 : 15740, 1, 2022/12/08, 15:26:51.031, 38918871387, vstest.console.dll, LoaderExceptions: System.IO.FileNotFoundException: Could not load file or assembly 'Microsoft.Bcl.AsyncInterfaces, Version=1.0.0.0, Culture=neutral, PublicKeyToken=cc7b13ffcd2ddd51'. The system cannot find the file specified.
File name: 'Microsoft.Bcl.AsyncInterfaces, Version=1.0.0.0, Culture=neutral, PublicKeyToken=cc7b13ffcd2ddd51'
 ---> System.IO.FileNotFoundException: Could not load file or assembly 'Microsoft.Bcl.AsyncInterfaces, Culture=neutral, PublicKeyToken=null'. The system cannot find the file specified.
File name: 'Microsoft.Bcl.AsyncInterfaces, Culture=neutral, PublicKeyToken=null'
   at System.Reflection.RuntimeAssembly.InternalLoad(ObjectHandleOnStack assemblyName, ObjectHandleOnStack requestingAssembly, StackCrawlMarkHandle stackMark, Boolean throwOnFileNotFound, ObjectHandleOnStack assemblyLoadContext, ObjectHandleOnStack retAssembly)
   at System.Reflection.RuntimeAssembly.InternalLoad(AssemblyName assemblyName, RuntimeAssembly requestingAssembly, StackCrawlMark& stackMark, Boolean throwOnFileNotFound, AssemblyLoadContext assemblyLoadContext)
   at System.Reflection.Assembly.Load(AssemblyName assemblyRef)
   at Microsoft.VisualStudio.TestPlatform.Common.ExtensionFramework.TestPluginCache.CurrentDomainAssemblyResolve(Object sender, AssemblyResolveEventArgs args)
   at Microsoft.VisualStudio.TestPlatform.PlatformAbstractions.PlatformAssemblyResolver.AssemblyResolverEvent(Object sender, Object eventArgs)
   at System.Runtime.Loader.AssemblyLoadContext.GetFirstResolvedAssemblyFromResolvingEvent(AssemblyName assemblyName)
   at System.Runtime.Loader.AssemblyLoadContext.ResolveUsingEvent(AssemblyName assemblyName)
   at System.Runtime.Loader.AssemblyLoadContext.ResolveUsingResolvingEvent(IntPtr gchManagedAssemblyLoadContext, AssemblyName assemblyName)
TpTrace Verbose: 0 : 15740, 1, 2022/12/08, 15:26:51.031, 38918872540, vstest.console.dll, MetadataReaderExtensionsHelper: Discovering extensions inside assembly 'Microsoft.TestPlatform.Extensions.BlameDataCollector, Version=15.0.0.0, Culture=neutral, PublicKeyToken=b03f5f7f11d50a3a' file path 'C:\Program Files\dotnet\sdk\6.0.301\Extensions\Microsoft.TestPlatform.Extensions.BlameDataCollector.dll'
TpTrace Information: 0 : 15740, 1, 2022/12/08, 15:26:51.032, 38918878441, vstest.console.dll, GetTestExtensionFromType: Register extension with identifier data 'logger://Microsoft/TestPlatform/Extensions/Blame/v1' and type 'Microsoft.TestPlatform.Extensions.BlameDataCollector.BlameLogger, Microsoft.TestPlatform.Extensions.BlameDataCollector, Version=15.0.0.0, Culture=neutral, PublicKeyToken=b03f5f7f11d50a3a' inside file 'C:\Program Files\dotnet\sdk\6.0.301\Extensions\Microsoft.TestPlatform.Extensions.BlameDataCollector.dll'
TpTrace Verbose: 0 : 15740, 1, 2022/12/08, 15:26:51.032, 38918879814, vstest.console.dll, MetadataReaderExtensionsHelper: Discovering extensions inside assembly 'Microsoft.TestPlatform.Extensions.EventLogCollector, Version=15.0.0.0, Culture=neutral, PublicKeyToken=b03f5f7f11d50a3a' file path 'C:\Program Files\dotnet\sdk\6.0.301\Extensions\Microsoft.TestPlatform.Extensions.EventLogCollector.dll'
TpTrace Verbose: 0 : 15740, 1, 2022/12/08, 15:26:51.033, 38918884581, vstest.console.dll, MetadataReaderExtensionsHelper: Discovering extensions inside assembly 'Microsoft.TestPlatform.TestHostRuntimeProvider, Version=15.0.0.0, Culture=neutral, PublicKeyToken=b03f5f7f11d50a3a' file path 'C:\Program Files\dotnet\sdk\6.0.301\Extensions\Microsoft.TestPlatform.TestHostRuntimeProvider.dll'
TpTrace Verbose: 0 : 15740, 1, 2022/12/08, 15:26:51.033, 38918888826, vstest.console.dll, MetadataReaderExtensionsHelper: Discovering extensions inside assembly 'Microsoft.VisualStudio.TestPlatform.Extensions.Html.TestLogger, Version=15.0.0.0, Culture=neutral, PublicKeyToken=b03f5f7f11d50a3a' file path 'C:\Program Files\dotnet\sdk\6.0.301\Extensions\Microsoft.VisualStudio.TestPlatform.Extensions.Html.TestLogger.dll'
TpTrace Information: 0 : 15740, 1, 2022/12/08, 15:26:51.033, 38918892962, vstest.console.dll, GetTestExtensionFromType: Register extension with identifier data 'logger://Microsoft/TestPlatform/HtmlLogger/v1' and type 'Microsoft.VisualStudio.TestPlatform.Extensions.HtmlLogger.HtmlLogger, Microsoft.VisualStudio.TestPlatform.Extensions.Html.TestLogger, Version=15.0.0.0, Culture=neutral, PublicKeyToken=b03f5f7f11d50a3a' inside file 'C:\Program Files\dotnet\sdk\6.0.301\Extensions\Microsoft.VisualStudio.TestPlatform.Extensions.Html.TestLogger.dll'
TpTrace Verbose: 0 : 15740, 1, 2022/12/08, 15:26:51.034, 38918894638, vstest.console.dll, MetadataReaderExtensionsHelper: Discovering extensions inside assembly 'Microsoft.VisualStudio.TestPlatform.Extensions.Trx.TestLogger, Version=15.0.0.0, Culture=neutral, PublicKeyToken=b03f5f7f11d50a3a' file path 'C:\Program Files\dotnet\sdk\6.0.301\Extensions\Microsoft.VisualStudio.TestPlatform.Extensions.Trx.TestLogger.dll'
TpTrace Information: 0 : 15740, 1, 2022/12/08, 15:26:51.034, 38918900022, vstest.console.dll, GetTestExtensionFromType: Register extension with identifier data 'logger://Microsoft/TestPlatform/TrxLogger/v1' and type 'Microsoft.VisualStudio.TestPlatform.Extensions.TrxLogger.TrxLogger, Microsoft.VisualStudio.TestPlatform.Extensions.Trx.TestLogger, Version=15.0.0.0, Culture=neutral, PublicKeyToken=b03f5f7f11d50a3a' inside file 'C:\Program Files\dotnet\sdk\6.0.301\Extensions\Microsoft.VisualStudio.TestPlatform.Extensions.Trx.TestLogger.dll'
TpTrace Verbose: 0 : 15740, 1, 2022/12/08, 15:26:51.034, 38918901390, vstest.console.dll, TestPluginCache: Discovered the extensions using extension path ''.
TpTrace Verbose: 0 : 15740, 1, 2022/12/08, 15:26:51.034, 38918901946, vstest.console.dll, TestPluginCache: Discoverers are ''.
TpTrace Verbose: 0 : 15740, 1, 2022/12/08, 15:26:51.034, 38918902298, vstest.console.dll, TestPluginCache: Executors are ''.
TpTrace Verbose: 0 : 15740, 1, 2022/12/08, 15:26:51.034, 38918902621, vstest.console.dll, TestPluginCache: Executors2 are ''.
TpTrace Verbose: 0 : 15740, 1, 2022/12/08, 15:26:51.034, 38918902947, vstest.console.dll, TestPluginCache: Setting providers are ''.
TpTrace Verbose: 0 : 15740, 1, 2022/12/08, 15:26:51.035, 38918903974, vstest.console.dll, TestPluginCache: Loggers are 'logger://Microsoft/TestPlatform/Extensions/Blame/v1,logger://Microsoft/TestPlatform/HtmlLogger/v1,logger://Microsoft/TestPlatform/TrxLogger/v1'.
TpTrace Verbose: 0 : 15740, 1, 2022/12/08, 15:26:51.035, 38918904519, vstest.console.dll, TestPluginCache: TestHosts are 'HostProvider://DefaultTestHost,HostProvider://DotnetTestHost'.
TpTrace Verbose: 0 : 15740, 1, 2022/12/08, 15:26:51.035, 38918905014, vstest.console.dll, TestPluginCache: DataCollectors are ''.
TpTrace Information: 0 : 15740, 1, 2022/12/08, 15:26:51.035, 38918912788, vstest.console.dll, TestPluginManager.CreateTestExtension: Attempting to load test extension: Microsoft.TestPlatform.Extensions.BlameDataCollector.BlameLogger
TpTrace Information: 0 : 15740, 1, 2022/12/08, 15:26:51.040, 38918963486, vstest.console.dll, TestPluginManager.CreateTestExtension: Attempting to load test extension: Microsoft.VisualStudio.TestPlatform.CrossPlatEngine.Hosting.DefaultTestHostManager
TpTrace Information: 0 : 15740, 1, 2022/12/08, 15:26:51.043, 38918992275, vstest.console.dll, TestPluginManager.CreateTestExtension: Attempting to load test extension: Microsoft.VisualStudio.TestPlatform.CrossPlatEngine.Hosting.DotnetTestHostManager
TpTrace Verbose: 0 : 15740, 1, 2022/12/08, 15:26:51.044, 38919001004, vstest.console.dll, TestEngine: Initializing Parallel Execution as MaxCpuCount is set to: 1
TpTrace Information: 0 : 15740, 1, 2022/12/08, 15:26:51.045, 38919008488, vstest.console.dll, InferRunSettingsHelper.IsTestSettingsEnabled: Unable to navigate to RunSettings/MSTest. Current node: RunSettings
TpTrace Verbose: 0 : 15740, 1, 2022/12/08, 15:26:51.046, 38919023295, vstest.console.dll, TestRequestSender is acting as server.
TpTrace Verbose: 0 : 15740, 1, 2022/12/08, 15:26:51.048, 38919038985, vstest.console.dll, TestEngine.GetExecutionManager: Chosen execution manager 'Microsoft.VisualStudio.TestPlatform.CrossPlatEngine.Client.Parallel.ParallelProxyExecutionManager, Microsoft.TestPlatform.CrossPlatEngine, Version=15.0.0.0, Culture=neutral, PublicKeyToken=b03f5f7f11d50a3a' ParallelLevel '1' Shared host 'False'
TpTrace Verbose: 0 : 15740, 5, 2022/12/08, 15:26:51.052, 38919078418, vstest.console.dll, DataCollectionRequestSender.InitializeCommunication : Initialize communication. 
TpTrace Information: 0 : 15740, 5, 2022/12/08, 15:26:51.059, 38919150894, vstest.console.dll, Listening on Endpoint : 127.0.0.1:52000
TpTrace Verbose: 0 : 15740, 5, 2022/12/08, 15:26:51.067, 38919228453, vstest.console.dll, DotnetDataCollectionLauncher: Full path of dotnet.exe is C:\Program Files\dotnet\dotnet.exe
TpTrace Verbose: 0 : 15740, 5, 2022/12/08, 15:26:51.067, 38919231244, vstest.console.dll, DotnetDataCollectionLauncher: Adding  --runtimeconfig "C:\Program Files\dotnet\sdk\6.0.301\datacollector.runtimeconfig.json" in args
TpTrace Verbose: 0 : 15740, 5, 2022/12/08, 15:26:51.067, 38919232298, vstest.console.dll, DotnetDataCollectionLauncher: Adding  --depsfile "C:\Program Files\dotnet\sdk\6.0.301\datacollector.deps.json" in args
TpTrace Information: 0 : 15740, 5, 2022/12/08, 15:26:51.077, 38919331440, vstest.console.dll, ProxyDataCollectionManager.Initialize: Launched datacollector processId: 9676 port: 52000
TpTrace Information: 0 : 15740, 5, 2022/12/08, 15:26:51.077, 38919333548, vstest.console.dll, ProxyDataCollectionManager.Initialize: waiting for connection with timeout: 90 seconds
TpTrace Verbose: 0 : 15740, 5, 2022/12/08, 15:26:51.078, 38919334261, vstest.console.dll, DataCollectionRequestSender.WaitForRequestHandlerConnection : Waiting for connection with timeout: 90000
TpTrace Information: 0 : 15740, 8, 2022/12/08, 15:26:51.268, 38921242684, vstest.console.dll, Using the buffer size of 16384 bytes
TpTrace Verbose: 0 : 15740, 5, 2022/12/08, 15:26:51.268, 38921243322, vstest.console.dll, SocketCommunicationManager.WaitForClientConnection took: 190 ms, with 90000 ms timeout, and finished with True.
TpTrace Information: 0 : 15740, 8, 2022/12/08, 15:26:51.269, 38921245392, vstest.console.dll, Accepted Client request and set the flag
TpTrace Verbose: 0 : 15740, 5, 2022/12/08, 15:26:51.269, 38921246083, vstest.console.dll, ProxyDataCollectionManager.InvokeDataCollectionServiceAction: Starting.
TpTrace Information: 0 : 15740, 5, 2022/12/08, 15:26:51.269, 38921247761, vstest.console.dll, ProxyDataCollectionManager.BeforeTestRunStart: Get environment variable and port for datacollector processId: 9676 port: 52000
TpTrace Verbose: 0 : 15740, 5, 2022/12/08, 15:26:51.269, 38921249861, vstest.console.dll, DataCollectionRequestSender.SendBeforeTestRunStartAndGetResult: Send BeforeTestRunStart message with settingsXml <RunSettings><RunConfiguration><ResultsDirectory>C:\WebProject\C# Advanced Final Exam\C# OOP ExamPrep2\03. Unit Tests_Skeleton\Presents.Tests\bin\Debug\netcoreapp3.0\fine-code-coverage\coverage-tool-output</ResultsDirectory><TargetPlatform>X64</TargetPlatform><TargetFrameworkVersion>.NETCoreApp,Version=v3.0</TargetFrameworkVersion><DesignMode>False</DesignMode><CollectSourceInformation>False</CollectSourceInformation><TestAdaptersPaths>C:\Program Files\dotnet\sdk\6.0.301\Extensions</TestAdaptersPaths></RunConfiguration><LoggerRunSettings><Loggers><Logger friendlyName="blame" enabled="True" /><Logger friendlyName="Console" uri="logger://microsoft/TestPlatform/ConsoleLogger/v1" assemblyQualifiedName="Microsoft.VisualStudio.TestPlatform.CommandLine.Internal.ConsoleLogger, vstest.console, Version=15.0.0.0, Culture=neutral, PublicKeyToken=b03f5f7f11d50a3a" codeBase="C:\Program Files\dotnet\sdk\6.0.301\vstest.console.dll" enabled="True" /></Loggers></LoggerRunSettings><DataCollectionRunSettings><DataCollectors><DataCollector friendlyName="blame" enabled="True"><Configuration><ResultsDirectory>C:\WebProject\C# Advanced Final Exam\C# OOP ExamPrep2\03. Unit Tests_Skeleton\Presents.Tests\bin\Debug\netcoreapp3.0\fine-code-coverage\coverage-tool-output</ResultsDirectory></Configuration></DataCollector></DataCollectors></DataCollectionRunSettings></RunSettings> and sources System.Linq.Enumerable+Concat2Iterator`1[System.String]: 
TpTrace Verbose: 0 : 15740, 5, 2022/12/08, 15:26:51.354, 38922101142, vstest.console.dll, DataCollectionRequestSender.SendBeforeTestRunStartAndGetResult: Received message: (DataCollection.SendMessage) -> {
  "FriendlyName": null,
  "Uri": null,
  "TestCaseId": "00000000-0000-0000-0000-000000000000",
  "Message": "Logging DataCollector Diagnostics in file: C:\\WebProject\\C# Advanced Final Exam\\C# OOP ExamPrep2\\03. Unit Tests_Skeleton\\Presents.Tests\\bin\\Debug\\netcoreapp3.0\\fine-code-coverage\\coverage-tool-output\\diagnostics.datacollector.22-12-08_15-26-51_06711_5.log",
  "Level": 0
}
TpTrace Verbose: 0 : 15740, 5, 2022/12/08, 15:26:51.457, 38923126257, vstest.console.dll, DataCollectionRequestSender.SendBeforeTestRunStartAndGetResult: Received message: (DataCollection.BeforeTestRunStartResult) -> {
  "EnvironmentVariables": {},
  "DataCollectionEventsPort": 52003
}
TpTrace Information: 0 : 15740, 5, 2022/12/08, 15:26:51.464, 38923194319, vstest.console.dll, ProxyDataCollectionManager.BeforeTestRunStart: SendBeforeTestRunStartAndGetResult successful, env variable from datacollector:   and testhost port: 52003
TpTrace Information: 0 : 15740, 5, 2022/12/08, 15:26:51.464, 38923196070, vstest.console.dll, ProxyDataCollectionManager.InvokeDataCollectionServiceAction: Completed.
TpTrace Verbose: 0 : 15740, 1, 2022/12/08, 15:26:51.464, 38923197758, vstest.console.dll, TestRunRequest.ExecuteAsync: Creating test run request.
TpTrace Verbose: 0 : 15740, 1, 2022/12/08, 15:26:51.464, 38923201510, vstest.console.dll, TestRunRequest.ExecuteAsync: Starting.
TpTrace Information: 0 : 15740, 1, 2022/12/08, 15:26:51.465, 38923205586, vstest.console.dll, TestRunRequest.ExecuteAsync: Starting run with settings:TestRunCriteria:
   KeepAlive=False,FrequencyOfRunStatsChangeEvent=10,RunStatsChangeEventTimeout=00:00:01.5000000,TestCaseFilter=,TestExecutorLauncher=
   Settingsxml=<RunSettings>
  <RunConfiguration>
    <ResultsDirectory>C:\WebProject\C# Advanced Final Exam\C# OOP ExamPrep2\03. Unit Tests_Skeleton\Presents.Tests\bin\Debug\netcoreapp3.0\fine-code-coverage\coverage-tool-output</ResultsDirectory>
    <TargetPlatform>X64</TargetPlatform>
    <TargetFrameworkVersion>.NETCoreApp,Version=v3.0</TargetFrameworkVersion>
    <DesignMode>False</DesignMode>
    <CollectSourceInformation>False</CollectSourceInformation>
  </RunConfiguration>
  <LoggerRunSettings>
    <Loggers>
      <Logger friendlyName="blame" enabled="True" />
      <Logger friendlyName="Console" uri="logger://microsoft/TestPlatform/ConsoleLogger/v1" assemblyQualifiedName="Microsoft.VisualStudio.TestPlatform.CommandLine.Internal.ConsoleLogger, vstest.console, Version=15.0.0.0, Culture=neutral, PublicKeyToken=b03f5f7f11d50a3a" codeBase="C:\Program Files\dotnet\sdk\6.0.301\vstest.console.dll" enabled="True" />
    </Loggers>
  </LoggerRunSettings>
  <DataCollectionRunSettings>
    <DataCollectors>
      <DataCollector friendlyName="blame" enabled="True">
        <Configuration>
          <ResultsDirectory>C:\WebProject\C# Advanced Final Exam\C# OOP ExamPrep2\03. Unit Tests_Skeleton\Presents.Tests\bin\Debug\netcoreapp3.0\fine-code-coverage\coverage-tool-output</ResultsDirectory>
        </Configuration>
      </DataCollector>
    </DataCollectors>
  </DataCollectionRunSettings>
</RunSettings>

TpTrace Verbose: 0 : 15740, 1, 2022/12/08, 15:26:51.465, 38923206383, vstest.console.dll, TestRunRequest.ExecuteAsync: Wait for the first run request is over.
TpTrace Verbose: 0 : 15740, 1, 2022/12/08, 15:26:51.465, 38923209905, vstest.console.dll, MulticastDelegateUtilities.SafeInvoke: TestRun.TestRunStart: Invoking callbacks was skipped because there are no subscribers.
TpTrace Verbose: 0 : 15740, 4, 2022/12/08, 15:26:51.465, 38923212846, vstest.console.dll, MulticastDelegateUtilities.SafeInvoke: InternalTestLoggerEvents.SendTestRunStart: Invoking callback 1/1 for Microsoft.VisualStudio.TestPlatform.CommandLine.Internal.ConsoleLogger.TestRunStartHandler, took 0 ms.
TpTrace Verbose: 0 : 15740, 1, 2022/12/08, 15:26:51.465, 38923213082, vstest.console.dll, ParallelProxyExecutionManager: Start execution. Total sources: 1
TpTrace Information: 0 : 15740, 1, 2022/12/08, 15:26:51.466, 38923221531, vstest.console.dll, ProxyParallelExecutionManager: Triggering test run for next source: C:\WebProject\C# Advanced Final Exam\C# OOP ExamPrep2\03. Unit Tests_Skeleton\Presents.Tests\bin\Debug\fine-code-coverage-netcoreapp3.0\Presents.Tests.dll
TpTrace Verbose: 0 : 15740, 5, 2022/12/08, 15:26:51.466, 38923223508, vstest.console.dll, ParallelProxyExecutionManager: Execution started. Started clients: 1
TpTrace Verbose: 0 : 15740, 1, 2022/12/08, 15:26:51.467, 38923224133, vstest.console.dll, ProxyParallelExecutionManager: No sources available for execution.
TpTrace Information: 0 : 15740, 1, 2022/12/08, 15:26:51.467, 38923225639, vstest.console.dll, TestRunRequest.ExecuteAsync: Started.
TpTrace Verbose: 0 : 15740, 1, 2022/12/08, 15:26:51.467, 38923226876, vstest.console.dll, TestRunRequest.WaitForCompletion: Waiting with timeout -1.
TpTrace Verbose: 0 : 15740, 5, 2022/12/08, 15:26:51.467, 38923227881, vstest.console.dll, TestRunRequest:SendTestRunMessage: Starting.
TpTrace Verbose: 0 : 15740, 5, 2022/12/08, 15:26:51.467, 38923229873, vstest.console.dll, MulticastDelegateUtilities.SafeInvoke: TestRun.LogMessages: Invoking callback 1/1 for Microsoft.VisualStudio.TestPlatform.CommandLine.TestRunResultAggregator.TestRunMessageHandler, took 0 ms.
TpTrace Verbose: 0 : 15740, 4, 2022/12/08, 15:26:51.467, 38923229874, vstest.console.dll, MulticastDelegateUtilities.SafeInvoke: InternalTestLoggerEvents.SendTestRunMessage: Invoking callback 1/1 for Microsoft.VisualStudio.TestPlatform.CommandLine.Internal.ConsoleLogger.TestMessageHandler, took 0 ms.
TpTrace Information: 0 : 15740, 5, 2022/12/08, 15:26:51.467, 38923231419, vstest.console.dll, TestRunRequest:SendTestRunMessage: Completed.
TpTrace Verbose: 0 : 15740, 5, 2022/12/08, 15:26:51.468, 38923236029, vstest.console.dll, ProxyExecutionManager: Test host is always Lazy initialize.
TpTrace Verbose: 0 : 15740, 5, 2022/12/08, 15:26:51.468, 38923239678, vstest.console.dll, TestRequestSender.InitializeCommunication: initialize communication. 
TpTrace Information: 0 : 15740, 5, 2022/12/08, 15:26:51.469, 38923246143, vstest.console.dll, SocketServer.Start: Listening on endpoint : 127.0.0.1:52004
TpTrace Verbose: 0 : 15740, 5, 2022/12/08, 15:26:51.470, 38923254622, vstest.console.dll, DotnetTestHostmanager.GetTestHostProcessStartInfo: Platform environment 'X64' target architecture 'X64' framework '.NETCoreApp,Version=v3.0' OS 'Windows'
TpTrace Verbose: 0 : 15740, 5, 2022/12/08, 15:26:51.470, 38923257581, vstest.console.dll, DotnetTestHostmanager: Adding  --runtimeconfig "C:\WebProject\C# Advanced Final Exam\C# OOP ExamPrep2\03. Unit Tests_Skeleton\Presents.Tests\bin\Debug\fine-code-coverage-netcoreapp3.0\Presents.Tests.runtimeconfig.json" in args
TpTrace Verbose: 0 : 15740, 5, 2022/12/08, 15:26:51.470, 38923258715, vstest.console.dll, DotnetTestHostmanager: Adding  --depsfile "C:\WebProject\C# Advanced Final Exam\C# OOP ExamPrep2\03. Unit Tests_Skeleton\Presents.Tests\bin\Debug\fine-code-coverage-netcoreapp3.0\Presents.Tests.deps.json" in args
TpTrace Verbose: 0 : 15740, 5, 2022/12/08, 15:26:51.470, 38923261244, vstest.console.dll, DotnetTestHostmanager.IsWinOnArm: Current PROCESSOR_ARCHITECTURE from environment variable 'AMD64'
TpTrace Verbose: 0 : 15740, 5, 2022/12/08, 15:26:51.470, 38923262049, vstest.console.dll, DotnetTestHostmanager.IsWinOnArm: Is Windows on ARM 'False'
TpTrace Information: 0 : 15740, 5, 2022/12/08, 15:26:51.471, 38923263671, vstest.console.dll, AssemblyResolver.OnResolve: Microsoft.Extensions.DependencyModel: Resolving assembly.
TpTrace Information: 0 : 15740, 5, 2022/12/08, 15:26:51.471, 38923264302, vstest.console.dll, AssemblyResolver.OnResolve: Microsoft.Extensions.DependencyModel: Searching in: 'C:\Program Files\dotnet\sdk\6.0.301\Extensions'.
TpTrace Information: 0 : 15740, 5, 2022/12/08, 15:26:51.471, 38923265144, vstest.console.dll, AssemblyResolver.OnResolve: Microsoft.Extensions.DependencyModel: Assembly path does not exist: 'C:\Program Files\dotnet\sdk\6.0.301\Extensions\Microsoft.Extensions.DependencyModel.dll', returning.
TpTrace Information: 0 : 15740, 5, 2022/12/08, 15:26:51.471, 38923266607, vstest.console.dll, AssemblyResolver.OnResolve: Microsoft.Extensions.DependencyModel: Assembly path does not exist: 'C:\Program Files\dotnet\sdk\6.0.301\Extensions\Microsoft.Extensions.DependencyModel.exe', returning.
TpTrace Information: 0 : 15740, 5, 2022/12/08, 15:26:51.471, 38923267075, vstest.console.dll, AssemblyResolver.OnResolve: Microsoft.Extensions.DependencyModel: Searching in: 'C:\Program Files\dotnet\sdk\6.0.301'.
TpTrace Information: 0 : 15740, 5, 2022/12/08, 15:26:51.471, 38923270265, vstest.console.dll, AssemblyResolver.OnResolve: Microsoft.Extensions.DependencyModel: Loading assembly 'C:\Program Files\dotnet\sdk\6.0.301\Microsoft.Extensions.DependencyModel.dll'.
TpTrace Information: 0 : 15740, 5, 2022/12/08, 15:26:51.472, 38923276245, vstest.console.dll, AssemblyResolver.OnResolve: Resolved assembly: Microsoft.Extensions.DependencyModel, from path: C:\Program Files\dotnet\sdk\6.0.301\Microsoft.Extensions.DependencyModel.dll
TpTrace Verbose: 0 : 15740, 5, 2022/12/08, 15:26:51.472, 38923280224, vstest.console.dll, DotnetTestHostmanager: Reading file C:\WebProject\C# Advanced Final Exam\C# OOP ExamPrep2\03. Unit Tests_Skeleton\Presents.Tests\bin\Debug\fine-code-coverage-netcoreapp3.0\Presents.Tests.deps.json to get path of testhost.dll
TpTrace Verbose: 0 : 15740, 5, 2022/12/08, 15:26:51.494, 38923499158, vstest.console.dll, DotnetTestHostmanager: Relative path of testhost.dll with respect to package folder is microsoft.testplatform.testhost/15.9.0\lib/netstandard1.5/testhost.dll
TpTrace Verbose: 0 : 15740, 5, 2022/12/08, 15:26:51.495, 38923508366, vstest.console.dll, DotnetTestHostmanager: Looking for path microsoft.testplatform.testhost/15.9.0\lib/netstandard1.5/testhost.dll in folder C:\Users\d1515\.dotnet\store\|arch|\|tfm|
TpTrace Verbose: 0 : 15740, 5, 2022/12/08, 15:26:51.495, 38923509925, vstest.console.dll, DotnetTestHostmanager: Looking for path microsoft.testplatform.testhost/15.9.0\lib/netstandard1.5/testhost.dll in folder C:\Users\d1515\.nuget\packages
TpTrace Verbose: 0 : 15740, 5, 2022/12/08, 15:26:51.495, 38923511191, vstest.console.dll, DotnetTestHostmanager: Found testhost.dll in C:\Users\d1515\.nuget\packages\microsoft.testplatform.testhost/15.9.0\lib/netstandard1.5/testhost.dll
TpTrace Verbose: 0 : 15740, 5, 2022/12/08, 15:26:51.495, 38923513098, vstest.console.dll, DotnetTestHostmanager: Current process architetcure 'X64'
TpTrace Verbose: 0 : 15740, 5, 2022/12/08, 15:26:51.496, 38923515838, vstest.console.dll, DotnetTestHostmanager.LaunchTestHostAsync: Compatible muxer architecture of running process 'X64' and target architecture 'X64'
TpTrace Verbose: 0 : 15740, 5, 2022/12/08, 15:26:51.496, 38923516375, vstest.console.dll, DotnetTestHostmanager: Full path of testhost.dll is C:\Users\d1515\.nuget\packages\microsoft.testplatform.testhost/15.9.0\lib/netstandard1.5/testhost.dll
TpTrace Verbose: 0 : 15740, 5, 2022/12/08, 15:26:51.496, 38923516793, vstest.console.dll, DotnetTestHostmanager: Full path of host exe is C:\Program Files\dotnet\dotnet.exe
TpTrace Verbose: 0 : 15740, 7, 2022/12/08, 15:26:51.497, 38923526491, vstest.console.dll, DotnetTestHostManager: Starting process 'C:\Program Files\dotnet\dotnet.exe' with command line 'exec --runtimeconfig "C:\WebProject\C# Advanced Final Exam\C# OOP ExamPrep2\03. Unit Tests_Skeleton\Presents.Tests\bin\Debug\fine-code-coverage-netcoreapp3.0\Presents.Tests.runtimeconfig.json" --depsfile "C:\WebProject\C# Advanced Final Exam\C# OOP ExamPrep2\03. Unit Tests_Skeleton\Presents.Tests\bin\Debug\fine-code-coverage-netcoreapp3.0\Presents.Tests.deps.json" "C:\Users\d1515\.nuget\packages\microsoft.testplatform.testhost/15.9.0\lib/netstandard1.5/testhost.dll" --port 52004 --endpoint 127.0.0.1:052004 --role client --parentprocessid 15740 --diag "C:\WebProject\C# Advanced Final Exam\C# OOP ExamPrep2\03. Unit Tests_Skeleton\Presents.Tests\bin\Debug\netcoreapp3.0\fine-code-coverage\coverage-tool-output\diagnostics.host.22-12-08_15-26-51_46973_5.log" --tracelevel 4 --datacollectionport 52003 --telemetryoptedin false'
TpTrace Verbose: 0 : 15740, 7, 2022/12/08, 15:26:51.504, 38923597075, vstest.console.dll, MulticastDelegateUtilities.SafeInvoke: HostProviderEvents.OnHostLaunched: Invoking callback 1/2 for Microsoft.VisualStudio.TestPlatform.CrossPlatEngine.Client.ProxyExecutionManagerWithDataCollection.TestHostLaunchedHandler, took 1 ms.
TpTrace Verbose: 0 : 15740, 7, 2022/12/08, 15:26:51.504, 38923599054, vstest.console.dll, Test Runtime launched
TpTrace Verbose: 0 : 15740, 7, 2022/12/08, 15:26:51.504, 38923599954, vstest.console.dll, MulticastDelegateUtilities.SafeInvoke: HostProviderEvents.OnHostLaunched: Invoking callback 2/2 for Microsoft.VisualStudio.TestPlatform.CrossPlatEngine.Client.ProxyOperationManager.TestHostManagerHostLaunched, took 0 ms.
TpTrace Verbose: 0 : 15740, 5, 2022/12/08, 15:26:51.505, 38923608529, vstest.console.dll, TestRequestSender.WaitForRequestHandlerConnection: waiting for connection with timeout: 90000.
TpTrace Verbose: 0 : 15740, 5, 2022/12/08, 15:26:51.717, 38925729288, vstest.console.dll, TestRequestSender.WaitForRequestHandlerConnection: waiting took 212 ms, with timeout 90000 ms, and result 0, which is success.
TpTrace Verbose: 0 : 15740, 7, 2022/12/08, 15:26:51.717, 38925729288, vstest.console.dll, MulticastDelegateUtilities.SafeInvoke: SocketServer: ClientConnected: Invoking callback 1/1 for Microsoft.VisualStudio.TestPlatform.CommunicationUtilities.TestRequestSender.<InitializeCommunication>b__23_0, took 0 ms.
TpTrace Verbose: 0 : 15740, 7, 2022/12/08, 15:26:51.717, 38925731933, vstest.console.dll, SocketServer.OnClientConnected: Client connected for endPoint: 127.0.0.1:52004, starting MessageLoopAsync:
TpTrace Verbose: 0 : 15740, 14, 2022/12/08, 15:26:51.718, 38925734797, vstest.console.dll, TcpClientExtensions.MessageLoopAsync: Polling on remoteEndPoint: 127.0.0.1:52005 localEndPoint: 127.0.0.1:52004
TpTrace Verbose: 0 : 15740, 5, 2022/12/08, 15:26:51.718, 38925741660, vstest.console.dll, TestRequestSender.CheckVersionWithTestHost: Sending check version message: {"MessageType":"ProtocolVersion","Payload":6}
TpTrace Verbose: 0 : 15740, 14, 2022/12/08, 15:26:51.902, 38927577340, vstest.console.dll, TcpClientExtensions.MessageLoopAsync: NotifyDataAvailable remoteEndPoint: 127.0.0.1:52005 localEndPoint: 127.0.0.1:52004
TpTrace Verbose: 0 : 15740, 14, 2022/12/08, 15:26:51.902, 38927582152, vstest.console.dll, TestRequestSender.CheckVersionWithTestHost: onMessageReceived received message: (ProtocolVersion) -> 2
TpTrace Verbose: 0 : 15740, 14, 2022/12/08, 15:26:51.903, 38927589501, vstest.console.dll, MulticastDelegateUtilities.SafeInvoke: LengthPrefixCommunicationChannel: MessageReceived: Invoking callback 1/1 for Microsoft.VisualStudio.TestPlatform.CommunicationUtilities.TestRequestSender+<>c__DisplayClass25_0.<CheckVersionWithTestHost>b__0, took 0 ms.
TpTrace Verbose: 0 : 15740, 5, 2022/12/08, 15:26:51.903, 38927590770, vstest.console.dll, TestPluginCache.GetExtensionPaths: Filtered extension paths: 
TpTrace Verbose: 0 : 15740, 14, 2022/12/08, 15:26:51.903, 38927591560, vstest.console.dll, TcpClientExtensions.MessageLoopAsync: Polling on remoteEndPoint: 127.0.0.1:52005 localEndPoint: 127.0.0.1:52004
TpTrace Verbose: 0 : 15740, 5, 2022/12/08, 15:26:51.903, 38927592652, vstest.console.dll, TestPluginCache.GetExtensionPaths: Added default extension paths: C:\Program Files\dotnet\sdk\6.0.301\Extensions\DumpMinitool.exe
C:\Program Files\dotnet\sdk\6.0.301\Extensions\DumpMinitool.x86.exe
C:\Program Files\dotnet\sdk\6.0.301\Extensions\Microsoft.Diagnostics.NETCore.Client.dll
C:\Program Files\dotnet\sdk\6.0.301\Extensions\Microsoft.TestPlatform.Extensions.BlameDataCollector.dll
C:\Program Files\dotnet\sdk\6.0.301\Extensions\Microsoft.TestPlatform.Extensions.EventLogCollector.dll
C:\Program Files\dotnet\sdk\6.0.301\Extensions\Microsoft.TestPlatform.TestHostRuntimeProvider.dll
C:\Program Files\dotnet\sdk\6.0.301\Extensions\Microsoft.VisualStudio.TestPlatform.Extensions.Html.TestLogger.dll
C:\Program Files\dotnet\sdk\6.0.301\Extensions\Microsoft.VisualStudio.TestPlatform.Extensions.Trx.TestLogger.dll
TpTrace Verbose: 0 : 15740, 5, 2022/12/08, 15:26:51.904, 38927595222, vstest.console.dll, TestPluginCache.GetExtensionPaths: Added unfilterableExtensionPaths: 
TpTrace Verbose: 0 : 15740, 5, 2022/12/08, 15:26:51.908, 38927643337, vstest.console.dll, TestRequestSender.InitializeExecution: Sending initialize execution with message: {"Version":2,"MessageType":"TestExecution.Initialize","Payload":["C:\\WebProject\\C# Advanced Final Exam\\C# OOP ExamPrep2\\03. Unit Tests_Skeleton\\Presents.Tests\\bin\\Debug\\fine-code-coverage-netcoreapp3.0\\NUnit3.TestAdapter.dll"]}
TpTrace Warning: 0 : 15740, 5, 2022/12/08, 15:26:51.909, 38927649466, vstest.console.dll, InferRunSettingsHelper.MakeRunsettingsCompatible: Removing the following settings: TargetPlatform from RunSettings file. To use those settings please move to latest version of Microsoft.NET.Test.Sdk
TpTrace Verbose: 0 : 15740, 14, 2022/12/08, 15:26:51.919, 38927748007, vstest.console.dll, TcpClientExtensions.MessageLoopAsync: NotifyDataAvailable remoteEndPoint: 127.0.0.1:52005 localEndPoint: 127.0.0.1:52004
TpTrace Verbose: 0 : 15740, 14, 2022/12/08, 15:26:51.919, 38927750224, vstest.console.dll, TestRequestSender.OnExecutionMessageReceived: Received message: {"Version":2,"MessageType":"TestSession.Message","Payload":{"MessageLevel":0,"Message":"Logging TestHost Diagnostics in file: C:\\WebProject\\C# Advanced Final Exam\\C# OOP ExamPrep2\\03. Unit Tests_Skeleton\\Presents.Tests\\bin\\Debug\\netcoreapp3.0\\fine-code-coverage\\coverage-tool-output\\diagnostics.host.22-12-08_15-26-51_46973_5.log"}}
TpTrace Verbose: 0 : 15740, 5, 2022/12/08, 15:26:51.921, 38927769458, vstest.console.dll, TestRequestSender.StartTestRun: Sending test run with message: {"Version":2,"MessageType":"TestExecution.StartWithSources","Payload":{"AdapterSourceMap":{"_none_":["C:\\WebProject\\C# Advanced Final Exam\\C# OOP ExamPrep2\\03. Unit Tests_Skeleton\\Presents.Tests\\bin\\Debug\\fine-code-coverage-netcoreapp3.0\\Presents.Tests.dll"]},"RunSettings":"<RunSettings>\r\n  <RunConfiguration>\r\n    <ResultsDirectory>C:\\WebProject\\C# Advanced Final Exam\\C# OOP ExamPrep2\\03. Unit Tests_Skeleton\\Presents.Tests\\bin\\Debug\\netcoreapp3.0\\fine-code-coverage\\coverage-tool-output</ResultsDirectory>\r\n    <TargetFrameworkVersion>.NETCoreApp,Version=v3.0</TargetFrameworkVersion>\r\n    <DesignMode>False</DesignMode>\r\n    <CollectSourceInformation>False</CollectSourceInformation>\r\n  </RunConfiguration>\r\n  <LoggerRunSettings>\r\n    <Loggers>\r\n      <Logger friendlyName=\"blame\" enabled=\"True\" />\r\n      <Logger friendlyName=\"Console\" uri=\"logger://microsoft/TestPlatform/ConsoleLogger/v1\" assemblyQualifiedName=\"Microsoft.VisualStudio.TestPlatform.CommandLine.Internal.ConsoleLogger, vstest.console, Version=15.0.0.0, Culture=neutral, PublicKeyToken=b03f5f7f11d50a3a\" codeBase=\"C:\\Program Files\\dotnet\\sdk\\6.0.301\\vstest.console.dll\" enabled=\"True\" />\r\n    </Loggers>\r\n  </LoggerRunSettings>\r\n  <DataCollectionRunSettings>\r\n    <DataCollectors>\r\n      <DataCollector friendlyName=\"blame\" enabled=\"True\">\r\n        <Configuration>\r\n          <ResultsDirectory>C:\\WebProject\\C# Advanced Final Exam\\C# OOP ExamPrep2\\03. Unit Tests_Skeleton\\Presents.Tests\\bin\\Debug\\netcoreapp3.0\\fine-code-coverage\\coverage-tool-output</ResultsDirectory>\r\n        </Configuration>\r\n      </DataCollector>\r\n    </DataCollectors>\r\n  </DataCollectionRunSettings>\r\n</RunSettings>","TestExecutionContext":{"FrequencyOfRunStatsChangeEvent":10,"RunStatsChangeEventTimeout":"00:00:01.5000000","InIsolation":false,"KeepAlive":false,"AreTestCaseLevelEventsRequired":false,"IsDebug":false,"TestCaseFilter":null,"FilterOptions":null},"Package":null}}
TpTrace Verbose: 0 : 15740, 14, 2022/12/08, 15:26:51.922, 38927775883, vstest.console.dll, TestRunRequest:SendTestRunMessage: Starting.
TpTrace Verbose: 0 : 15740, 14, 2022/12/08, 15:26:51.922, 38927777629, vstest.console.dll, MulticastDelegateUtilities.SafeInvoke: TestRun.LogMessages: Invoking callback 1/1 for Microsoft.VisualStudio.TestPlatform.CommandLine.TestRunResultAggregator.TestRunMessageHandler, took 0 ms.
TpTrace Information: 0 : 15740, 14, 2022/12/08, 15:26:51.922, 38927778189, vstest.console.dll, TestRunRequest:SendTestRunMessage: Completed.
TpTrace Verbose: 0 : 15740, 4, 2022/12/08, 15:26:51.922, 38927778263, vstest.console.dll, MulticastDelegateUtilities.SafeInvoke: InternalTestLoggerEvents.SendTestRunMessage: Invoking callback 1/1 for Microsoft.VisualStudio.TestPlatform.CommandLine.Internal.ConsoleLogger.TestMessageHandler, took 0 ms.
TpTrace Verbose: 0 : 15740, 14, 2022/12/08, 15:26:51.922, 38927778842, vstest.console.dll, MulticastDelegateUtilities.SafeInvoke: LengthPrefixCommunicationChannel: MessageReceived: Invoking callback 1/1 for Microsoft.VisualStudio.TestPlatform.CommunicationUtilities.TestRequestSender+<>c__DisplayClass30_0.<StartTestRun>b__1, took 2 ms.
TpTrace Verbose: 0 : 15740, 14, 2022/12/08, 15:26:51.922, 38927780648, vstest.console.dll, TcpClientExtensions.MessageLoopAsync: Polling on remoteEndPoint: 127.0.0.1:52005 localEndPoint: 127.0.0.1:52004
TpTrace Verbose: 0 : 15740, 14, 2022/12/08, 15:26:52.059, 38929146182, vstest.console.dll, TcpClientExtensions.MessageLoopAsync: NotifyDataAvailable remoteEndPoint: 127.0.0.1:52005 localEndPoint: 127.0.0.1:52004
TpTrace Verbose: 0 : 15740, 14, 2022/12/08, 15:26:52.059, 38929148367, vstest.console.dll, TestRequestSender.OnExecutionMessageReceived: Received message: {"Version":2,"MessageType":"TestSession.Message","Payload":{"MessageLevel":0,"Message":"NUnit Adapter 3.9.0.0: Test execution started"}}
TpTrace Verbose: 0 : 15740, 14, 2022/12/08, 15:26:52.059, 38929152294, vstest.console.dll, TestRunRequest:SendTestRunMessage: Starting.
TpTrace Verbose: 0 : 15740, 14, 2022/12/08, 15:26:52.060, 38929154041, vstest.console.dll, MulticastDelegateUtilities.SafeInvoke: TestRun.LogMessages: Invoking callback 1/1 for Microsoft.VisualStudio.TestPlatform.CommandLine.TestRunResultAggregator.TestRunMessageHandler, took 0 ms.
TpTrace Verbose: 0 : 15740, 4, 2022/12/08, 15:26:52.060, 38929154286, vstest.console.dll, MulticastDelegateUtilities.SafeInvoke: InternalTestLoggerEvents.SendTestRunMessage: Invoking callback 1/1 for Microsoft.VisualStudio.TestPlatform.CommandLine.Internal.ConsoleLogger.TestMessageHandler, took 0 ms.
TpTrace Information: 0 : 15740, 14, 2022/12/08, 15:26:52.060, 38929155573, vstest.console.dll, TestRunRequest:SendTestRunMessage: Completed.
TpTrace Verbose: 0 : 15740, 14, 2022/12/08, 15:26:52.060, 38929156314, vstest.console.dll, MulticastDelegateUtilities.SafeInvoke: LengthPrefixCommunicationChannel: MessageReceived: Invoking callback 1/1 for Microsoft.VisualStudio.TestPlatform.CommunicationUtilities.TestRequestSender+<>c__DisplayClass30_0.<StartTestRun>b__1, took 0 ms.
TpTrace Verbose: 0 : 15740, 14, 2022/12/08, 15:26:52.060, 38929156746, vstest.console.dll, TcpClientExtensions.MessageLoopAsync: Polling on remoteEndPoint: 127.0.0.1:52005 localEndPoint: 127.0.0.1:52004
TpTrace Verbose: 0 : 15740, 14, 2022/12/08, 15:26:52.068, 38929238224, vstest.console.dll, TcpClientExtensions.MessageLoopAsync: NotifyDataAvailable remoteEndPoint: 127.0.0.1:52005 localEndPoint: 127.0.0.1:52004
TpTrace Verbose: 0 : 15740, 14, 2022/12/08, 15:26:52.068, 38929241624, vstest.console.dll, TestRequestSender.OnExecutionMessageReceived: Received message: {"Version":2,"MessageType":"TestSession.Message","Payload":{"MessageLevel":0,"Message":"Running all tests in C:\\WebProject\\C# Advanced Final Exam\\C# OOP ExamPrep2\\03. Unit Tests_Skeleton\\Presents.Tests\\bin\\Debug\\fine-code-coverage-netcoreapp3.0\\Presents.Tests.dll"}}
TpTrace Verbose: 0 : 15740, 14, 2022/12/08, 15:26:52.069, 38929245068, vstest.console.dll, TestRunRequest:SendTestRunMessage: Starting.
TpTrace Verbose: 0 : 15740, 14, 2022/12/08, 15:26:52.069, 38929246440, vstest.console.dll, MulticastDelegateUtilities.SafeInvoke: TestRun.LogMessages: Invoking callback 1/1 for Microsoft.VisualStudio.TestPlatform.CommandLine.TestRunResultAggregator.TestRunMessageHandler, took 0 ms.
TpTrace Verbose: 0 : 15740, 4, 2022/12/08, 15:26:52.069, 38929246699, vstest.console.dll, MulticastDelegateUtilities.SafeInvoke: InternalTestLoggerEvents.SendTestRunMessage: Invoking callback 1/1 for Microsoft.VisualStudio.TestPlatform.CommandLine.Internal.ConsoleLogger.TestMessageHandler, took 0 ms.
TpTrace Information: 0 : 15740, 14, 2022/12/08, 15:26:52.069, 38929247889, vstest.console.dll, TestRunRequest:SendTestRunMessage: Completed.
TpTrace Verbose: 0 : 15740, 14, 2022/12/08, 15:26:52.069, 38929248621, vstest.console.dll, MulticastDelegateUtilities.SafeInvoke: LengthPrefixCommunicationChannel: MessageReceived: Invoking callback 1/1 for Microsoft.VisualStudio.TestPlatform.CommunicationUtilities.TestRequestSender+<>c__DisplayClass30_0.<StartTestRun>b__1, took 0 ms.
TpTrace Verbose: 0 : 15740, 14, 2022/12/08, 15:26:52.069, 38929249820, vstest.console.dll, TcpClientExtensions.MessageLoopAsync: Polling on remoteEndPoint: 127.0.0.1:52005 localEndPoint: 127.0.0.1:52004
TpTrace Verbose: 0 : 15740, 14, 2022/12/08, 15:26:52.241, 38930964525, vstest.console.dll, TcpClientExtensions.MessageLoopAsync: NotifyDataAvailable remoteEndPoint: 127.0.0.1:52005 localEndPoint: 127.0.0.1:52004
TpTrace Verbose: 0 : 15740, 14, 2022/12/08, 15:26:52.241, 38930966940, vstest.console.dll, TestRequestSender.OnExecutionMessageReceived: Received message: {"Version":2,"MessageType":"TestSession.Message","Payload":{"MessageLevel":0,"Message":"NUnit3TestExecutor converted 12 of 12 NUnit test cases"}}
TpTrace Verbose: 0 : 15740, 14, 2022/12/08, 15:26:52.241, 38930970628, vstest.console.dll, TestRunRequest:SendTestRunMessage: Starting.
TpTrace Verbose: 0 : 15740, 14, 2022/12/08, 15:26:52.241, 38930972316, vstest.console.dll, MulticastDelegateUtilities.SafeInvoke: TestRun.LogMessages: Invoking callback 1/1 for Microsoft.VisualStudio.TestPlatform.CommandLine.TestRunResultAggregator.TestRunMessageHandler, took 0 ms.
TpTrace Verbose: 0 : 15740, 4, 2022/12/08, 15:26:52.241, 38930972546, vstest.console.dll, MulticastDelegateUtilities.SafeInvoke: InternalTestLoggerEvents.SendTestRunMessage: Invoking callback 1/1 for Microsoft.VisualStudio.TestPlatform.CommandLine.Internal.ConsoleLogger.TestMessageHandler, took 0 ms.
TpTrace Information: 0 : 15740, 14, 2022/12/08, 15:26:52.241, 38930972940, vstest.console.dll, TestRunRequest:SendTestRunMessage: Completed.
TpTrace Verbose: 0 : 15740, 14, 2022/12/08, 15:26:52.242, 38930974458, vstest.console.dll, MulticastDelegateUtilities.SafeInvoke: LengthPrefixCommunicationChannel: MessageReceived: Invoking callback 1/1 for Microsoft.VisualStudio.TestPlatform.CommunicationUtilities.TestRequestSender+<>c__DisplayClass30_0.<StartTestRun>b__1, took 0 ms.
TpTrace Verbose: 0 : 15740, 14, 2022/12/08, 15:26:52.242, 38930974992, vstest.console.dll, TcpClientExtensions.MessageLoopAsync: Polling on remoteEndPoint: 127.0.0.1:52005 localEndPoint: 127.0.0.1:52004
TpTrace Verbose: 0 : 15740, 14, 2022/12/08, 15:26:53.246, 38941015490, vstest.console.dll, TcpClientExtensions.MessageLoopAsync: Polling on remoteEndPoint: 127.0.0.1:52005 localEndPoint: 127.0.0.1:52004
TpTrace Verbose: 0 : 15740, 14, 2022/12/08, 15:26:53.549, 38944045945, vstest.console.dll, TcpClientExtensions.MessageLoopAsync: NotifyDataAvailable remoteEndPoint: 127.0.0.1:52005 localEndPoint: 127.0.0.1:52004
TpTrace Verbose: 0 : 15740, 14, 2022/12/08, 15:26:53.549, 38944049212, vstest.console.dll, TestRequestSender.OnExecutionMessageReceived: Received message: {"Version":2,"MessageType":"TestExecution.StatsChange","Payload":{"NewTestResults":[],"TestRunStatistics":{"ExecutedTests":0,"Stats":{}},"ActiveTests":[{"Id":"74e1dbeb-a05c-66fc-8e25-2ddfa5d0210a","FullyQualifiedName":"Presents.Tests.PresentsTests.TestBagCreateSucceed","DisplayName":"TestBagCreateSucceed","ExecutorUri":"executor://NUnit3TestExecutor","Source":"C:\\WebProject\\C# Advanced Final Exam\\C# OOP ExamPrep2\\03. Unit Tests_Skeleton\\Presents.Tests\\bin\\Debug\\fine-code-coverage-netcoreapp3.0\\Presents.Tests.dll","CodeFilePath":null,"LineNumber":0,"Properties":[]}]}}
TpTrace Verbose: 0 : 15740, 14, 2022/12/08, 15:26:53.564, 38944196256, vstest.console.dll, TestRunRequest:SendTestRunStatsChange: Starting.
TpTrace Verbose: 0 : 15740, 14, 2022/12/08, 15:26:53.564, 38944198738, vstest.console.dll, InProgress is TestBagCreateSucceed
TpTrace Verbose: 0 : 15740, 14, 2022/12/08, 15:26:53.564, 38944199761, vstest.console.dll, MulticastDelegateUtilities.SafeInvoke: TestRun.RunStatsChanged: Invoking callbacks was skipped because there are no subscribers.
TpTrace Information: 0 : 15740, 14, 2022/12/08, 15:26:53.564, 38944200192, vstest.console.dll, TestRunRequest:SendTestRunStatsChange: Completed.
TpTrace Verbose: 0 : 15740, 14, 2022/12/08, 15:26:53.564, 38944200633, vstest.console.dll, MulticastDelegateUtilities.SafeInvoke: LengthPrefixCommunicationChannel: MessageReceived: Invoking callback 1/1 for Microsoft.VisualStudio.TestPlatform.CommunicationUtilities.TestRequestSender+<>c__DisplayClass30_0.<StartTestRun>b__1, took 15 ms.
TpTrace Verbose: 0 : 15740, 14, 2022/12/08, 15:26:53.564, 38944201067, vstest.console.dll, TcpClientExtensions.MessageLoopAsync: Polling on remoteEndPoint: 127.0.0.1:52005 localEndPoint: 127.0.0.1:52004
TpTrace Verbose: 0 : 15740, 14, 2022/12/08, 15:26:53.868, 38947241171, vstest.console.dll, TcpClientExtensions.MessageLoopAsync: NotifyDataAvailable remoteEndPoint: 127.0.0.1:52005 localEndPoint: 127.0.0.1:52004
TpTrace Verbose: 0 : 15740, 14, 2022/12/08, 15:26:53.869, 38947248034, vstest.console.dll, TestRequestSender.OnExecutionMessageReceived: Received message: {"Version":2,"MessageType":"TestExecution.StatsChange","Payload":{"NewTestResults":[{"TestCase":{"Id":"74e1dbeb-a05c-66fc-8e25-2ddfa5d0210a","FullyQualifiedName":"Presents.Tests.PresentsTests.TestBagCreateSucceed","DisplayName":"TestBagCreateSucceed","ExecutorUri":"executor://NUnit3TestExecutor","Source":"C:\\WebProject\\C# Advanced Final Exam\\C# OOP ExamPrep2\\03. Unit Tests_Skeleton\\Presents.Tests\\bin\\Debug\\fine-code-coverage-netcoreapp3.0\\Presents.Tests.dll","CodeFilePath":null,"LineNumber":0,"Properties":[]},"Attachments":[],"Outcome":1,"ErrorMessage":null,"ErrorStackTrace":null,"DisplayName":"TestBagCreateSucceed","Messages":[],"ComputerName":"DESKTOP-NTT0FMT","Duration":"00:00:01.3425580","StartTime":"2022-12-08T13:26:52+00:00","EndTime":"2022-12-08T13:26:53+00:00","Properties":[]},{"TestCase":{"Id":"18f594ca-546d-90eb-e992-2bddd6eca89b","FullyQualifiedName":"Presents.Tests.PresentsTests.TestBagCreateThrowsArgumentException","DisplayName":"TestBagCreateThrowsArgumentException","ExecutorUri":"executor://NUnit3TestExecutor","Source":"C:\\WebProject\\C# Advanced Final Exam\\C# OOP ExamPrep2\\03. Unit Tests_Skeleton\\Presents.Tests\\bin\\Debug\\fine-code-coverage-netcoreapp3.0\\Presents.Tests.dll","CodeFilePath":null,"LineNumber":0,"Properties":[{"Key":{"Id":"TestObject.Traits","Label":"Traits","Category":"","Description":"","Attributes":5,"ValueType":"System.Collections.Generic.KeyValuePair`2[[System.String],[System.String]][]"},"Value":[]}]},"Attachments":[],"Outcome":1,"ErrorMessage":null,"ErrorStackTrace":null,"DisplayName":"TestBagCreateThrowsArgumentException","Messages":[],"ComputerName":"DESKTOP-NTT0FMT","Duration":"00:00:00.0072560","StartTime":"2022-12-08T13:26:53+00:00","EndTime":"2022-12-08T13:26:53+00:00","Properties":[]},{"TestCase":{"Id":"94a9f057-c6a7-9abb-180a-6c9560afd009","FullyQualifiedName":"Presents.Tests.PresentsTests.TestBagCreateThrowsInvalidOperationException","DisplayName":"TestBagCreateThrowsInvalidOperationException","ExecutorUri":"executor://NUnit3TestExecutor","Source":"C:\\WebProject\\C# Advanced Final Exam\\C# OOP ExamPrep2\\03. Unit Tests_Skeleton\\Presents.Tests\\bin\\Debug\\fine-code-coverage-netcoreapp3.0\\Presents.Tests.dll","CodeFilePath":null,"LineNumber":0,"Properties":[{"Key":{"Id":"TestObject.Traits","Label":"Traits","Category":"","Description":"","Attributes":5,"ValueType":"System.Collections.Generic.KeyValuePair`2[[System.String],[System.String]][]"},"Value":[]}]},"Attachments":[],"Outcome":1,"ErrorMessage":null,"ErrorStackTrace":null,"DisplayName":"TestBagCreateThrowsInvalidOperationException","Messages":[],"ComputerName":"DESKTOP-NTT0FMT","Duration":"00:00:00.0012400","StartTime":"2022-12-08T13:26:53+00:00","EndTime":"2022-12-08T13:26:53+00:00","Properties":[]},{"TestCase":{"Id":"6392cb5c-053b-245a-d245-6111f9f1c4fc","FullyQualifiedName":"Presents.Tests.PresentsTests.TestBagCtor","DisplayName":"TestBagCtor","ExecutorUri":"executor://NUnit3TestExecutor","Source":"C:\\WebProject\\C# Advanced Final Exam\\C# OOP ExamPrep2\\03. Unit Tests_Skeleton\\Presents.Tests\\bin\\Debug\\fine-code-coverage-netcoreapp3.0\\Presents.Tests.dll","CodeFilePath":null,"LineNumber":0,"Properties":[{"Key":{"Id":"TestObject.Traits","Label":"Traits","Category":"","Description":"","Attributes":5,"ValueType":"System.Collections.Generic.KeyValuePair`2[[System.String],[System.String]][]"},"Value":[]}]},"Attachments":[],"Outcome":1,"ErrorMessage":null,"ErrorStackTrace":null,"DisplayName":"TestBagCtor","Messages":[],"ComputerName":"DESKTOP-NTT0FMT","Duration":"00:00:00.0005140","StartTime":"2022-12-08T13:26:53+00:00","EndTime":"2022-12-08T13:26:53+00:00","Properties":[]},{"TestCase":{"Id":"f26a3b2d-959d-7f5b-ba67-d70ca1f6ffde","FullyQualifiedName":"Presents.Tests.PresentsTests.TestBagGetPresentFailed","DisplayName":"TestBagGetPresentFailed","ExecutorUri":"executor://NUnit3TestExecutor","Source":"C:\\WebProject\\C# Advanced Final Exam\\C# OOP ExamPrep2\\03. Unit Tests_Skeleton\\Presents.Tests\\bin\\Debug\\fine-code-coverage-netcoreapp3.0\\Presents.Tests.dll","CodeFilePath":null,"LineNumber":0,"Properties":[{"Key":{"Id":"TestObject.Traits","Label":"Traits","Category":"","Description":"","Attributes":5,"ValueType":"System.Collections.Generic.KeyValuePair`2[[System.String],[System.String]][]"},"Value":[]}]},"Attachments":[],"Outcome":1,"ErrorMessage":null,"ErrorStackTrace":null,"DisplayName":"TestBagGetPresentFailed","Messages":[],"ComputerName":"DESKTOP-NTT0FMT","Duration":"00:00:00.0010349","StartTime":"2022-12-08T13:26:53+00:00","EndTime":"2022-12-08T13:26:53+00:00","Properties":[]},{"TestCase":{"Id":"dd49ed63-0af5-fe07-642b-73f2cfb1b17e","FullyQualifiedName":"Presents.Tests.PresentsTests.TestBagGetPresentsSucceed","DisplayName":"TestBagGetPresentsSucceed","ExecutorUri":"executor://NUnit3TestExecutor","Source":"C:\\WebProject\\C# Advanced Final Exam\\C# OOP ExamPrep2\\03. Unit Tests_Skeleton\\Presents.Tests\\bin\\Debug\\fine-code-coverage-netcoreapp3.0\\Presents.Tests.dll","CodeFilePath":null,"LineNumber":0,"Properties":[{"Key":{"Id":"TestObject.Traits","Label":"Traits","Category":"","Description":"","Attributes":5,"ValueType":"System.Collections.Generic.KeyValuePair`2[[System.String],[System.String]][]"},"Value":[]}]},"Attachments":[],"Outcome":1,"ErrorMessage":null,"ErrorStackTrace":null,"DisplayName":"TestBagGetPresentsSucceed","Messages":[],"ComputerName":"DESKTOP-NTT0FMT","Duration":"00:00:00.0009290","StartTime":"2022-12-08T13:26:53+00:00","EndTime":"2022-12-08T13:26:53+00:00","Properties":[]},{"TestCase":{"Id":"77948ac7-0402-b3ba-8613-c04e9c2f65d3","FullyQualifiedName":"Presents.Tests.PresentsTests.TestBagGetPresentSucceed","DisplayName":"TestBagGetPresentSucceed","ExecutorUri":"executor://NUnit3TestExecutor","Source":"C:\\WebProject\\C# Advanced Final Exam\\C# OOP ExamPrep2\\03. Unit Tests_Skeleton\\Presents.Tests\\bin\\Debug\\fine-code-coverage-netcoreapp3.0\\Presents.Tests.dll","CodeFilePath":null,"LineNumber":0,"Properties":[{"Key":{"Id":"TestObject.Traits","Label":"Traits","Category":"","Description":"","Attributes":5,"ValueType":"System.Collections.Generic.KeyValuePair`2[[System.String],[System.String]][]"},"Value":[]}]},"Attachments":[],"Outcome":1,"ErrorMessage":null,"ErrorStackTrace":null,"DisplayName":"TestBagGetPresentSucceed","Messages":[],"ComputerName":"DESKTOP-NTT0FMT","Duration":"00:00:00.0006179","StartTime":"2022-12-08T13:26:53+00:00","EndTime":"2022-12-08T13:26:53+00:00","Properties":[]},{"TestCase":{"Id":"fd3027d9-6cee-e355-8a04-c2dcac7fbd88","FullyQualifiedName":"Presents.Tests.PresentsTests.TestBagGetPresentWithLeastMagicFailed","DisplayName":"TestBagGetPresentWithLeastMagicFailed","ExecutorUri":"executor://NUnit3TestExecutor","Source":"C:\\WebProject\\C# Advanced Final Exam\\C# OOP ExamPrep2\\03. Unit Tests_Skeleton\\Presents.Tests\\bin\\Debug\\fine-code-coverage-netcoreapp3.0\\Presents.Tests.dll","CodeFilePath":null,"LineNumber":0,"Properties":[{"Key":{"Id":"TestObject.Traits","Label":"Traits","Category":"","Description":"","Attributes":5,"ValueType":"System.Collections.Generic.KeyValuePair`2[[System.String],[System.String]][]"},"Value":[]}]},"Attachments":[],"Outcome":1,"ErrorMessage":null,"ErrorStackTrace":null,"DisplayName":"TestBagGetPresentWithLeastMagicFailed","Messages":[],"ComputerName":"DESKTOP-NTT0FMT","Duration":"00:00:00.0047739","StartTime":"2022-12-08T13:26:53+00:00","EndTime":"2022-12-08T13:26:53+00:00","Properties":[]},{"TestCase":{"Id":"e023f28a-fecf-547e-e872-0741d8a6821f","FullyQualifiedName":"Presents.Tests.PresentsTests.TestBagGetPresentWithLeastMagicSucceed","DisplayName":"TestBagGetPresentWithLeastMagicSucceed","ExecutorUri":"executor://NUnit3TestExecutor","Source":"C:\\WebProject\\C# Advanced Final Exam\\C# OOP ExamPrep2\\03. Unit Tests_Skeleton\\Presents.Tests\\bin\\Debug\\fine-code-coverage-netcoreapp3.0\\Presents.Tests.dll","CodeFilePath":null,"LineNumber":0,"Properties":[{"Key":{"Id":"TestObject.Traits","Label":"Traits","Category":"","Description":"","Attributes":5,"ValueType":"System.Collections.Generic.KeyValuePair`2[[System.String],[System.String]][]"},"Value":[]}]},"Attachments":[],"Outcome":1,"ErrorMessage":null,"ErrorStackTrace":null,"DisplayName":"TestBagGetPresentWithLeastMagicSucceed","Messages":[],"ComputerName":"DESKTOP-NTT0FMT","Duration":"00:00:00.0016170","StartTime":"2022-12-08T13:26:53+00:00","EndTime":"2022-12-08T13:26:53+00:00","Properties":[]}],"TestRunStatistics":{"ExecutedTests":9,"Stats":{"Passed":9}},"ActiveTests":[{"Id":"55304a96-7262-f114-86d6-62e420057798","FullyQualifiedName":"Presents.Tests.PresentsTests.TestBagRemoveFailed","DisplayName":"TestBagRemoveFailed","ExecutorUri":"executor://NUnit3TestExecutor","Source":"C:\\WebProject\\C# Advanced Final Exam\\C# OOP ExamPrep2\\03. Unit Tests_Skeleton\\Presents.Tests\\bin\\Debug\\fine-code-coverage-netcoreapp3.0\\Presents.Tests.dll","CodeFilePath":null,"LineNumber":0,"Properties":[{"Key":{"Id":"TestObject.Traits","Label":"Traits","Category":"","Description":"","Attributes":5,"ValueType":"System.Collections.Generic.KeyValuePair`2[[System.String],[System.String]][]"},"Value":[]}]}]}}
TpTrace Verbose: 0 : 15740, 14, 2022/12/08, 15:26:53.937, 38947931575, vstest.console.dll, TestRunRequest:SendTestRunStatsChange: Starting.
TpTrace Verbose: 0 : 15740, 14, 2022/12/08, 15:26:53.938, 38947933748, vstest.console.dll, InProgress is TestBagRemoveFailed
TpTrace Verbose: 0 : 15740, 14, 2022/12/08, 15:26:53.938, 38947936392, vstest.console.dll, MulticastDelegateUtilities.SafeInvoke: TestRun.RunStatsChanged: Invoking callbacks was skipped because there are no subscribers.
TpTrace Information: 0 : 15740, 14, 2022/12/08, 15:26:53.938, 38947936900, vstest.console.dll, TestRunRequest:SendTestRunStatsChange: Completed.
TpTrace Verbose: 0 : 15740, 14, 2022/12/08, 15:26:53.938, 38947937378, vstest.console.dll, MulticastDelegateUtilities.SafeInvoke: LengthPrefixCommunicationChannel: MessageReceived: Invoking callback 1/1 for Microsoft.VisualStudio.TestPlatform.CommunicationUtilities.TestRequestSender+<>c__DisplayClass30_0.<StartTestRun>b__1, took 69 ms.
TpTrace Verbose: 0 : 15740, 14, 2022/12/08, 15:26:53.938, 38947937847, vstest.console.dll, TcpClientExtensions.MessageLoopAsync: Polling on remoteEndPoint: 127.0.0.1:52005 localEndPoint: 127.0.0.1:52004
TpTrace Verbose: 0 : 15740, 14, 2022/12/08, 15:26:53.938, 38947938636, vstest.console.dll, TcpClientExtensions.MessageLoopAsync: NotifyDataAvailable remoteEndPoint: 127.0.0.1:52005 localEndPoint: 127.0.0.1:52004
TpTrace Verbose: 0 : 15740, 14, 2022/12/08, 15:26:53.938, 38947939479, vstest.console.dll, TestRequestSender.OnExecutionMessageReceived: Received message: {"Version":2,"MessageType":"TestSession.Message","Payload":{"MessageLevel":0,"Message":"NUnit Adapter 3.9.0.0: Test execution complete"}}
TpTrace Verbose: 0 : 15740, 14, 2022/12/08, 15:26:53.938, 38947941118, vstest.console.dll, TestRunRequest:SendTestRunMessage: Starting.
TpTrace Verbose: 0 : 15740, 14, 2022/12/08, 15:26:53.938, 38947941874, vstest.console.dll, MulticastDelegateUtilities.SafeInvoke: TestRun.LogMessages: Invoking callback 1/1 for Microsoft.VisualStudio.TestPlatform.CommandLine.TestRunResultAggregator.TestRunMessageHandler, took 0 ms.
TpTrace Information: 0 : 15740, 14, 2022/12/08, 15:26:53.938, 38947942283, vstest.console.dll, TestRunRequest:SendTestRunMessage: Completed.
TpTrace Verbose: 0 : 15740, 14, 2022/12/08, 15:26:53.938, 38947942658, vstest.console.dll, MulticastDelegateUtilities.SafeInvoke: LengthPrefixCommunicationChannel: MessageReceived: Invoking callback 1/1 for Microsoft.VisualStudio.TestPlatform.CommunicationUtilities.TestRequestSender+<>c__DisplayClass30_0.<StartTestRun>b__1, took 0 ms.
TpTrace Verbose: 0 : 15740, 14, 2022/12/08, 15:26:53.938, 38947943055, vstest.console.dll, TcpClientExtensions.MessageLoopAsync: Polling on remoteEndPoint: 127.0.0.1:52005 localEndPoint: 127.0.0.1:52004
TpTrace Verbose: 0 : 15740, 14, 2022/12/08, 15:26:53.938, 38947943587, vstest.console.dll, TcpClientExtensions.MessageLoopAsync: NotifyDataAvailable remoteEndPoint: 127.0.0.1:52005 localEndPoint: 127.0.0.1:52004
TpTrace Verbose: 0 : 15740, 14, 2022/12/08, 15:26:53.939, 38947944699, vstest.console.dll, TestRequestSender.OnExecutionMessageReceived: Received message: {"Version":2,"MessageType":"TestExecution.Completed","Payload":{"TestRunCompleteArgs":{"TestRunStatistics":{"ExecutedTests":12,"Stats":{"Passed":12}},"IsCanceled":false,"IsAborted":false,"Error":null,"AttachmentSets":[],"ElapsedTimeInRunningTests":"00:00:01.8685867","Metrics":{}},"LastRunTests":{"NewTestResults":[{"TestCase":{"Id":"55304a96-7262-f114-86d6-62e420057798","FullyQualifiedName":"Presents.Tests.PresentsTests.TestBagRemoveFailed","DisplayName":"TestBagRemoveFailed","ExecutorUri":"executor://NUnit3TestExecutor","Source":"C:\\WebProject\\C# Advanced Final Exam\\C# OOP ExamPrep2\\03. Unit Tests_Skeleton\\Presents.Tests\\bin\\Debug\\fine-code-coverage-netcoreapp3.0\\Presents.Tests.dll","CodeFilePath":null,"LineNumber":0,"Properties":[{"Key":{"Id":"TestObject.Traits","Label":"Traits","Category":"","Description":"","Attributes":5,"ValueType":"System.Collections.Generic.KeyValuePair`2[[System.String],[System.String]][]"},"Value":[]}]},"Attachments":[],"Outcome":1,"ErrorMessage":null,"ErrorStackTrace":null,"DisplayName":"TestBagRemoveFailed","Messages":[],"ComputerName":"DESKTOP-NTT0FMT","Duration":"00:00:00.0007280","StartTime":"2022-12-08T13:26:53+00:00","EndTime":"2022-12-08T13:26:53+00:00","Properties":[]},{"TestCase":{"Id":"8b4a8a5e-aa47-4579-9cd5-04af385754a5","FullyQualifiedName":"Presents.Tests.PresentsTests.TestBagRemoveSucceed","DisplayName":"TestBagRemoveSucceed","ExecutorUri":"executor://NUnit3TestExecutor","Source":"C:\\WebProject\\C# Advanced Final Exam\\C# OOP ExamPrep2\\03. Unit Tests_Skeleton\\Presents.Tests\\bin\\Debug\\fine-code-coverage-netcoreapp3.0\\Presents.Tests.dll","CodeFilePath":null,"LineNumber":0,"Properties":[{"Key":{"Id":"TestObject.Traits","Label":"Traits","Category":"","Description":"","Attributes":5,"ValueType":"System.Collections.Generic.KeyValuePair`2[[System.String],[System.String]][]"},"Value":[]}]},"Attachments":[],"Outcome":1,"ErrorMessage":null,"ErrorStackTrace":null,"DisplayName":"TestBagRemoveSucceed","Messages":[],"ComputerName":"DESKTOP-NTT0FMT","Duration":"00:00:00.0008240","StartTime":"2022-12-08T13:26:53+00:00","EndTime":"2022-12-08T13:26:53+00:00","Properties":[]},{"TestCase":{"Id":"f524cb23-d00b-b1fb-07e1-a912303d6c8a","FullyQualifiedName":"Presents.Tests.PresentsTests.TestPresentCtor","DisplayName":"TestPresentCtor","ExecutorUri":"executor://NUnit3TestExecutor","Source":"C:\\WebProject\\C# Advanced Final Exam\\C# OOP ExamPrep2\\03. Unit Tests_Skeleton\\Presents.Tests\\bin\\Debug\\fine-code-coverage-netcoreapp3.0\\Presents.Tests.dll","CodeFilePath":null,"LineNumber":0,"Properties":[{"Key":{"Id":"TestObject.Traits","Label":"Traits","Category":"","Description":"","Attributes":5,"ValueType":"System.Collections.Generic.KeyValuePair`2[[System.String],[System.String]][]"},"Value":[]}]},"Attachments":[],"Outcome":1,"ErrorMessage":null,"ErrorStackTrace":null,"DisplayName":"TestPresentCtor","Messages":[],"ComputerName":"DESKTOP-NTT0FMT","Duration":"00:00:00.0005120","StartTime":"2022-12-08T13:26:53+00:00","EndTime":"2022-12-08T13:26:53+00:00","Properties":[]}],"TestRunStatistics":{"ExecutedTests":12,"Stats":{"Passed":12}},"ActiveTests":[]},"RunAttachments":[],"ExecutorUris":["executor://nunit3testexecutor/"]}}
TpTrace Verbose: 0 : 15740, 14, 2022/12/08, 15:26:53.939, 38947947538, vstest.console.dll, TestRequestSender.EndSession: Sending end session.
TpTrace Verbose: 0 : 15740, 14, 2022/12/08, 15:26:53.939, 38947951597, vstest.console.dll, ProxyOperationManager.Close: waiting for test host to exit for 100 ms
TpTrace Verbose: 0 : 15740, 4, 2022/12/08, 15:26:53.945, 38948004754, vstest.console.dll, MulticastDelegateUtilities.SafeInvoke: InternalTestLoggerEvents.SendTestResult: Invoking callback 1/1 for Microsoft.VisualStudio.TestPlatform.CommandLine.Internal.ConsoleLogger.TestResultHandler, took 6 ms.
TpTrace Verbose: 0 : 15740, 4, 2022/12/08, 15:26:53.945, 38948007546, vstest.console.dll, MulticastDelegateUtilities.SafeInvoke: InternalTestLoggerEvents.SendTestResult: Invoking callback 1/1 for Microsoft.VisualStudio.TestPlatform.CommandLine.Internal.ConsoleLogger.TestResultHandler, took 0 ms.
TpTrace Verbose: 0 : 15740, 4, 2022/12/08, 15:26:53.945, 38948008374, vstest.console.dll, MulticastDelegateUtilities.SafeInvoke: InternalTestLoggerEvents.SendTestResult: Invoking callback 1/1 for Microsoft.VisualStudio.TestPlatform.CommandLine.Internal.ConsoleLogger.TestResultHandler, took 0 ms.
TpTrace Verbose: 0 : 15740, 4, 2022/12/08, 15:26:53.945, 38948009029, vstest.console.dll, MulticastDelegateUtilities.SafeInvoke: InternalTestLoggerEvents.SendTestResult: Invoking callback 1/1 for Microsoft.VisualStudio.TestPlatform.CommandLine.Internal.ConsoleLogger.TestResultHandler, took 0 ms.
TpTrace Verbose: 0 : 15740, 4, 2022/12/08, 15:26:53.945, 38948009655, vstest.console.dll, MulticastDelegateUtilities.SafeInvoke: InternalTestLoggerEvents.SendTestResult: Invoking callback 1/1 for Microsoft.VisualStudio.TestPlatform.CommandLine.Internal.ConsoleLogger.TestResultHandler, took 0 ms.
TpTrace Verbose: 0 : 15740, 4, 2022/12/08, 15:26:53.949, 38948045513, vstest.console.dll, MulticastDelegateUtilities.SafeInvoke: InternalTestLoggerEvents.SendTestResult: Invoking callback 1/1 for Microsoft.VisualStudio.TestPlatform.CommandLine.Internal.ConsoleLogger.TestResultHandler, took 3 ms.
TpTrace Verbose: 0 : 15740, 4, 2022/12/08, 15:26:53.949, 38948048322, vstest.console.dll, MulticastDelegateUtilities.SafeInvoke: InternalTestLoggerEvents.SendTestResult: Invoking callback 1/1 for Microsoft.VisualStudio.TestPlatform.CommandLine.Internal.ConsoleLogger.TestResultHandler, took 0 ms.
TpTrace Verbose: 0 : 15740, 4, 2022/12/08, 15:26:53.949, 38948049280, vstest.console.dll, MulticastDelegateUtilities.SafeInvoke: InternalTestLoggerEvents.SendTestResult: Invoking callback 1/1 for Microsoft.VisualStudio.TestPlatform.CommandLine.Internal.ConsoleLogger.TestResultHandler, took 0 ms.
TpTrace Verbose: 0 : 15740, 4, 2022/12/08, 15:26:53.949, 38948049957, vstest.console.dll, MulticastDelegateUtilities.SafeInvoke: InternalTestLoggerEvents.SendTestResult: Invoking callback 1/1 for Microsoft.VisualStudio.TestPlatform.CommandLine.Internal.ConsoleLogger.TestResultHandler, took 0 ms.
TpTrace Verbose: 0 : 15740, 4, 2022/12/08, 15:26:53.949, 38948050540, vstest.console.dll, MulticastDelegateUtilities.SafeInvoke: InternalTestLoggerEvents.SendTestRunMessage: Invoking callback 1/1 for Microsoft.VisualStudio.TestPlatform.CommandLine.Internal.ConsoleLogger.TestMessageHandler, took 0 ms.
TpTrace Warning: 0 : 15740, 11, 2022/12/08, 15:26:53.959, 38948149739, vstest.console.dll, TestHostManagerCallbacks.ErrorReceivedCallback Test host standard error line: 
TpTrace Verbose: 0 : 15740, 11, 2022/12/08, 15:26:53.972, 38948276079, vstest.console.dll, TestHostProvider.ExitCallBack: Host exited starting callback.
TpTrace Information: 0 : 15740, 11, 2022/12/08, 15:26:53.973, 38948285749, vstest.console.dll, TestHostManagerCallbacks.ExitCallBack: Testhost processId: 7632 exited with exitcode: 0 error: ''
TpTrace Verbose: 0 : 15740, 11, 2022/12/08, 15:26:53.973, 38948287061, vstest.console.dll, DotnetTestHostManager.OnHostExited: invoking OnHostExited callback
TpTrace Verbose: 0 : 15740, 11, 2022/12/08, 15:26:53.973, 38948287951, vstest.console.dll, CrossPlatEngine.TestHostManagerHostExited: calling on client process exit callback.
TpTrace Information: 0 : 15740, 11, 2022/12/08, 15:26:53.973, 38948288810, vstest.console.dll, TestRequestSender.OnClientProcessExit: Test host process exited. Standard error: 
TpTrace Information: 0 : 15740, 11, 2022/12/08, 15:26:53.973, 38948289274, vstest.console.dll, SocketServer.Stop: Stop server endPoint: 127.0.0.1:52004
TpTrace Information: 0 : 15740, 14, 2022/12/08, 15:26:53.973, 38948289303, vstest.console.dll, SocketServer.Stop: Stop server endPoint: 127.0.0.1:52004
TpTrace Information: 0 : 15740, 11, 2022/12/08, 15:26:53.973, 38948289621, vstest.console.dll, SocketServer.Stop: Cancellation requested. Stopping message loop.
TpTrace Information: 0 : 15740, 14, 2022/12/08, 15:26:53.973, 38948290376, vstest.console.dll, SocketServer.Stop: Cancellation requested. Stopping message loop.
TpTrace Information: 0 : 15740, 14, 2022/12/08, 15:26:53.973, 38948291969, vstest.console.dll, Closing the connection
TpTrace Verbose: 0 : 15740, 11, 2022/12/08, 15:26:53.973, 38948292562, vstest.console.dll, MulticastDelegateUtilities.SafeInvoke: HostProviderEvents.OnHostExited: Invoking callback 1/1 for Microsoft.VisualStudio.TestPlatform.CrossPlatEngine.Client.ProxyOperationManager.TestHostManagerHostExited, took 0 ms.
TpTrace Verbose: 0 : 15740, 14, 2022/12/08, 15:26:53.974, 38948298709, vstest.console.dll, ProxyDataCollectionManager.InvokeDataCollectionServiceAction: Starting.
TpTrace Information: 0 : 15740, 14, 2022/12/08, 15:26:53.974, 38948299684, vstest.console.dll, ProxyDataCollectionManager.AfterTestRunEnd: Get attachment set and invoked data collectors processId: 9676 port: 52000
TpTrace Verbose: 0 : 15740, 14, 2022/12/08, 15:26:53.974, 38948301598, vstest.console.dll, DataCollectionRequestSender.SendAfterTestRunStartAndGetResult: Send AfterTestRunEnd message with isCancelled: False
TpTrace Verbose: 0 : 15740, 14, 2022/12/08, 15:26:53.983, 38948388412, vstest.console.dll, DataCollectionRequestSender.SendAfterTestRunStartAndGetResult: Received message: (DataCollection.AfterTestRunEndResult) -> {
  "AttachmentSets": [],
  "InvokedDataCollectors": [
    {
      "Uri": "datacollector://Microsoft/TestPlatform/Extensions/Blame/v1",
      "FriendlyName": "Blame",
      "AssemblyQualifiedName": "Microsoft.TestPlatform.Extensions.BlameDataCollector.BlameCollector, Microsoft.TestPlatform.Extensions.BlameDataCollector, Version=15.0.0.0, Culture=neutral, PublicKeyToken=b03f5f7f11d50a3a",
      "FilePath": "C:\\Program Files\\dotnet\\sdk\\6.0.301\\Extensions\\Microsoft.TestPlatform.Extensions.BlameDataCollector.dll",
      "HasAttachmentProcessor": false
    }
  ],
  "Metrics": {}
}
TpTrace Warning: 0 : 15740, 10, 2022/12/08, 15:26:53.994, 38948497159, vstest.console.dll, DataCollectionLauncher.ErrorReceivedCallback datacollector standard error line: 
TpTrace Information: 0 : 15740, 14, 2022/12/08, 15:26:53.998, 38948543030, vstest.console.dll, ProxyDataCollectionManager.InvokeDataCollectionServiceAction: Completed.
TpTrace Information: 0 : 15740, 10, 2022/12/08, 15:26:54.002, 38948577515, vstest.console.dll, DataCollectionLauncher.ExitCallBack: Data collector exited with exitcode: 0 error: ''
TpTrace Verbose: 0 : 15740, 14, 2022/12/08, 15:26:54.047, 38949029621, vstest.console.dll, TestRunRequest:SendTestRunStatsChange: Starting.
TpTrace Verbose: 0 : 15740, 14, 2022/12/08, 15:26:54.047, 38949031940, vstest.console.dll, MulticastDelegateUtilities.SafeInvoke: TestRun.RunStatsChanged: Invoking callbacks was skipped because there are no subscribers.
TpTrace Information: 0 : 15740, 14, 2022/12/08, 15:26:54.047, 38949032376, vstest.console.dll, TestRunRequest:SendTestRunStatsChange: Completed.
TpTrace Verbose: 0 : 15740, 4, 2022/12/08, 15:26:54.047, 38949033448, vstest.console.dll, MulticastDelegateUtilities.SafeInvoke: InternalTestLoggerEvents.SendTestResult: Invoking callback 1/1 for Microsoft.VisualStudio.TestPlatform.CommandLine.Internal.ConsoleLogger.TestResultHandler, took 0 ms.
TpTrace Verbose: 0 : 15740, 4, 2022/12/08, 15:26:54.048, 38949034933, vstest.console.dll, MulticastDelegateUtilities.SafeInvoke: InternalTestLoggerEvents.SendTestResult: Invoking callback 1/1 for Microsoft.VisualStudio.TestPlatform.CommandLine.Internal.ConsoleLogger.TestResultHandler, took 0 ms.
TpTrace Verbose: 0 : 15740, 4, 2022/12/08, 15:26:54.048, 38949035903, vstest.console.dll, MulticastDelegateUtilities.SafeInvoke: InternalTestLoggerEvents.SendTestResult: Invoking callback 1/1 for Microsoft.VisualStudio.TestPlatform.CommandLine.Internal.ConsoleLogger.TestResultHandler, took 0 ms.
TpTrace Verbose: 0 : 15740, 14, 2022/12/08, 15:26:54.048, 38949036238, vstest.console.dll, ParallelProxyExecutionManager: HandlePartialRunComplete: Total completed clients = 1, Run complete = True, Run canceled: False.
TpTrace Verbose: 0 : 15740, 4, 2022/12/08, 15:26:54.060, 38949157167, vstest.console.dll, MulticastDelegateUtilities.SafeInvoke: InternalTestLoggerEvents.SendTestRunComplete: Invoking callback 1/2 for Microsoft.TestPlatform.Extensions.BlameDataCollector.BlameLogger.TestRunCompleteHandler, took 0 ms.
TpTrace Verbose: 0 : 15740, 4, 2022/12/08, 15:26:54.067, 38949224408, vstest.console.dll, MulticastDelegateUtilities.SafeInvoke: InternalTestLoggerEvents.SendTestRunComplete: Invoking callback 2/2 for Microsoft.VisualStudio.TestPlatform.CommandLine.Internal.ConsoleLogger.TestRunCompleteHandler, took 6 ms.
TpTrace Verbose: 0 : 15740, 14, 2022/12/08, 15:26:54.067, 38949230412, vstest.console.dll, TestRunRequest:TestRunComplete: Starting. IsAborted:False IsCanceled:False.
TpTrace Verbose: 0 : 15740, 14, 2022/12/08, 15:26:54.069, 38949244693, vstest.console.dll, TestLoggerManager.HandleTestRunComplete: Ignoring as the object is disposed.
TpTrace Verbose: 0 : 15740, 14, 2022/12/08, 15:26:54.069, 38949249387, vstest.console.dll, MulticastDelegateUtilities.SafeInvoke: TestRun.TestRunComplete: Invoking callback 1/2 for Microsoft.VisualStudio.TestPlatform.CommandLine.TestRunResultAggregator.TestRunCompletionHandler, took 0 ms.
TpTrace Verbose: 0 : 15740, 14, 2022/12/08, 15:26:54.069, 38949250926, vstest.console.dll, MulticastDelegateUtilities.SafeInvoke: TestRun.TestRunComplete: Invoking callback 2/2 for Microsoft.VisualStudio.TestPlatform.CommandLine.Processors.RunTestsArgumentExecutor+TestRunRequestEventsRegistrar.TestRunRequest_OnRunCompletion, took 0 ms.
TpTrace Information: 0 : 15740, 14, 2022/12/08, 15:26:54.069, 38949252714, vstest.console.dll, TestRunRequest:TestRunComplete: Completed.
TpTrace Verbose: 0 : 15740, 1, 2022/12/08, 15:26:54.069, 38949253186, vstest.console.dll, TestRunRequest.Dispose: Starting.
TpTrace Verbose: 0 : 15740, 14, 2022/12/08, 15:26:54.070, 38949253630, vstest.console.dll, TestRequestSender.SetOperationComplete: Setting operation complete.
TpTrace Information: 0 : 15740, 1, 2022/12/08, 15:26:54.070, 38949254877, vstest.console.dll, TestRunRequest.Dispose: Completed.
TpTrace Information: 0 : 15740, 14, 2022/12/08, 15:26:54.070, 38949255670, vstest.console.dll, SocketServer.Stop: Stop server endPoint: 127.0.0.1:52004
TpTrace Information: 0 : 15740, 1, 2022/12/08, 15:26:54.070, 38949257112, vstest.console.dll, TestRequestManager.RunTests: run tests completed.
TpTrace Information: 0 : 15740, 14, 2022/12/08, 15:26:54.070, 38949257384, vstest.console.dll, SocketServer.Stop: Cancellation requested. Stopping message loop.
TpTrace Information: 0 : 15740, 1, 2022/12/08, 15:26:54.070, 38949258983, vstest.console.dll, RunTestsArgumentProcessor:Execute: Test run is completed.
TpTrace Verbose: 0 : 15740, 14, 2022/12/08, 15:26:54.070, 38949259377, vstest.console.dll, MulticastDelegateUtilities.SafeInvoke: LengthPrefixCommunicationChannel: MessageReceived: Invoking callback 1/1 for Microsoft.VisualStudio.TestPlatform.CommunicationUtilities.TestRequestSender+<>c__DisplayClass30_0.<StartTestRun>b__1, took 131 ms.
TpTrace Information: 0 : 15740, 14, 2022/12/08, 15:26:54.070, 38949260857, vstest.console.dll, SocketServer.PrivateStop: Stopping server endPoint: 127.0.0.1:52004 error: 
TpTrace Verbose: 0 : 15740, 1, 2022/12/08, 15:26:54.070, 38949263019, vstest.console.dll, Executor.Execute: Exiting with exit code of 0
TpTrace Verbose: 0 : 15740, 14, 2022/12/08, 15:26:54.071, 38949268278, vstest.console.dll, LengthPrefixCommunicationChannel.Dispose: Dispose reader and writer.
TpTrace Information: 0 : 15740, 14, 2022/12/08, 15:26:54.071, 38949269406, vstest.console.dll, SocketServer.Stop: Raise disconnected event endPoint: 127.0.0.1:52004 error: 
TpTrace Verbose: 0 : 15740, 14, 2022/12/08, 15:26:54.071, 38949270335, vstest.console.dll, TestRequestSender: OnTestRunAbort: Operation is already complete. Skip error message.
TpTrace Verbose: 0 : 15740, 14, 2022/12/08, 15:26:54.071, 38949270900, vstest.console.dll, MulticastDelegateUtilities.SafeInvoke: SocketServer: ClientDisconnected: Invoking callback 1/1 for Microsoft.VisualStudio.TestPlatform.CommunicationUtilities.TestRequestSender.<InitializeCommunication>b__23_1, took 0 ms.
TpTrace Verbose: 0 : 15740, 14, 2022/12/08, 15:26:54.071, 38949271358, vstest.console.dll, TcpClientExtensions.MessageLoopAsync: exiting MessageLoopAsync remoteEndPoint: 127.0.0.1:52005 localEndPoint: 127.0.0.1:52004
