<?xml version="1.0" encoding="utf-8"?>
<coverage line-rate="0.9459000000000001" branch-rate="1" version="1.9" timestamp="1670506014" lines-covered="35" lines-valid="37" branches-covered="4" branches-valid="4">
  <sources>
    <source>C:\WebProject\C# Advanced Final Exam\C# OOP ExamPrep2\03. Unit Tests_Skeleton\Presents\</source>
  </sources>
  <packages>
    <package name="Presents" line-rate="0.9459000000000001" branch-rate="1" complexity="13">
      <classes>
        <class name="Presents.Bag" filename="Bag.cs" line-rate="1" branch-rate="1" complexity="9">
          <methods>
            <method name="Create" signature="(Presents.Present)" line-rate="1" branch-rate="1" complexity="4">
              <lines>
                <line number="17" hits="14" branch="False" />
                <line number="18" hits="14" branch="True" condition-coverage="100% (2/2)">
                  <conditions>
                    <condition number="25" type="jump" coverage="100%" />
                  </conditions>
                </line>
                <line number="19" hits="1" branch="False" />
                <line number="20" hits="1" branch="False" />
                <line number="22" hits="18" branch="True" condition-coverage="100% (2/2)">
                  <conditions>
                    <condition number="64" type="jump" coverage="100%" />
                  </conditions>
                </line>
                <line number="23" hits="1" branch="False" />
                <line number="24" hits="1" branch="False" />
                <line number="27" hits="12" branch="False" />
                <line number="29" hits="12" branch="False" />
                <line number="30" hits="12" branch="False" />
              </lines>
            </method>
            <method name="Remove" signature="(Presents.Present)" line-rate="1" branch-rate="1" complexity="1">
              <lines>
                <line number="33" hits="2" branch="False" />
                <line number="34" hits="2" branch="False" />
                <line number="35" hits="2" branch="False" />
              </lines>
            </method>
            <method name="GetPresentWithLeastMagic" signature="()" line-rate="1" branch-rate="1" complexity="1">
              <lines>
                <line number="38" hits="2" branch="False" />
                <line number="39" hits="4" branch="False" />
                <line number="41" hits="1" branch="False" />
                <line number="42" hits="1" branch="False" />
              </lines>
            </method>
            <method name="GetPresent" signature="(System.String)" line-rate="1" branch-rate="1" complexity="1">
              <lines>
                <line number="45" hits="2" branch="False" />
                <line number="46" hits="5" branch="False" />
                <line number="48" hits="2" branch="False" />
                <line number="49" hits="2" branch="False" />
              </lines>
            </method>
            <method name="GetPresents" signature="()" line-rate="1" branch-rate="1" complexity="1">
              <lines>
                <line number="52" hits="1" branch="False" />
                <line number="53" hits="1" branch="False" />
                <line number="54" hits="1" branch="False" />
              </lines>
            </method>
            <method name=".ctor" signature="()" line-rate="1" branch-rate="1" complexity="1">
              <lines>
                <line number="11" hits="13" branch="False" />
                <line number="12" hits="13" branch="False" />
                <line number="13" hits="13" branch="False" />
                <line number="14" hits="13" branch="False" />
              </lines>
            </method>
          </methods>
          <lines>
            <line number="17" hits="14" branch="False" />
            <line number="18" hits="14" branch="True" condition-coverage="100% (2/2)">
              <conditions>
                <condition number="25" type="jump" coverage="100%" />
              </conditions>
            </line>
            <line number="19" hits="1" branch="False" />
            <line number="20" hits="1" branch="False" />
            <line number="22" hits="18" branch="True" condition-coverage="100% (2/2)">
              <conditions>
                <condition number="64" type="jump" coverage="100%" />
              </conditions>
            </line>
            <line number="23" hits="1" branch="False" />
            <line number="24" hits="1" branch="False" />
            <line number="27" hits="12" branch="False" />
            <line number="29" hits="12" branch="False" />
            <line number="30" hits="12" branch="False" />
            <line number="33" hits="2" branch="False" />
            <line number="34" hits="2" branch="False" />
            <line number="35" hits="2" branch="False" />
            <line number="38" hits="2" branch="False" />
            <line number="39" hits="4" branch="False" />
            <line number="41" hits="1" branch="False" />
            <line number="42" hits="1" branch="False" />
            <line number="45" hits="2" branch="False" />
            <line number="46" hits="5" branch="False" />
            <line number="48" hits="2" branch="False" />
            <line number="49" hits="2" branch="False" />
            <line number="52" hits="1" branch="False" />
            <line number="53" hits="1" branch="False" />
            <line number="54" hits="1" branch="False" />
            <line number="11" hits="13" branch="False" />
            <line number="12" hits="13" branch="False" />
            <line number="13" hits="13" branch="False" />
            <line number="14" hits="13" branch="False" />
          </lines>
        </class>
        <class name="Presents.Present" filename="Present.cs" line-rate="1" branch-rate="1" complexity="3">
          <methods>
            <method name="get_Name" signature="()" line-rate="1" branch-rate="1" complexity="1">
              <lines>
                <line number="13" hits="43" branch="False" />
              </lines>
            </method>
            <method name="get_Magic" signature="()" line-rate="1" branch-rate="1" complexity="1">
              <lines>
                <line number="15" hits="29" branch="False" />
              </lines>
            </method>
            <method name=".ctor" signature="(System.String,System.Double)" line-rate="1" branch-rate="1" complexity="1">
              <lines>
                <line number="7" hits="26" branch="False" />
                <line number="8" hits="26" branch="False" />
                <line number="9" hits="26" branch="False" />
                <line number="10" hits="26" branch="False" />
                <line number="11" hits="26" branch="False" />
              </lines>
            </method>
          </methods>
          <lines>
            <line number="13" hits="43" branch="False" />
            <line number="15" hits="29" branch="False" />
            <line number="7" hits="26" branch="False" />
            <line number="8" hits="26" branch="False" />
            <line number="9" hits="26" branch="False" />
            <line number="10" hits="26" branch="False" />
            <line number="11" hits="26" branch="False" />
          </lines>
        </class>
        <class name="Presents.StartUp" filename="StartUp.cs" line-rate="0" branch-rate="1" complexity="1">
          <methods>
            <method name="Main" signature="()" line-rate="0" branch-rate="1" complexity="1">
              <lines>
                <line number="8" hits="0" branch="False" />
                <line number="9" hits="0" branch="False" />
              </lines>
            </method>
          </methods>
          <lines>
            <line number="8" hits="0" branch="False" />
            <line number="9" hits="0" branch="False" />
          </lines>
        </class>
      </classes>
    </package>
  </packages>
</coverage>